[I 2025-07-11 07:52:52,857] Using an existing study with name 'IntruderAvoidance-CNN-Parallel' instead of creating a new one.
[W 2025-07-11 07:52:58,326] Trial 270 failed with parameters: {'d_safe': 39.19355357859102, 'k_bubble': 42.42817193176957, 'C_collision': 964.7363118646119, 'k_pos': 0.043366723580083734, 'k_action': 0.008440100260078177, 'w_safe': 0.5560750609054947, 'w_pos': 0.39419673929329746} because of the following error: The number of the values 1 did not match the number of the objectives 2.
[W 2025-07-11 07:52:58,326] Trial 270 failed with value inf.
[W 2025-07-11 07:53:03,911] Trial 273 failed with parameters: {'d_safe': 14.792333016708767, 'k_bubble': 72.47743132840093, 'C_collision': 951.5972607548941, 'k_pos': 0.006390560322480747, 'k_action': 0.04041684926288498, 'w_safe': 0.5742944663241939, 'w_pos': 0.4124008320168735} because of the following error: The number of the values 1 did not match the number of the objectives 2.
[W 2025-07-11 07:53:03,911] Trial 273 failed with value inf.
[W 2025-07-11 07:53:09,304] Trial 278 failed with parameters: {'d_safe': 26.971432043659785, 'k_bubble': 35.15839353503742, 'C_collision': 624.0044792014736, 'k_pos': 0.0013608790642748894, 'k_action': 0.0028133990358601255, 'w_safe': 0.7112637860862323, 'w_pos': 0.22890620370954917} because of the following error: The number of the values 1 did not match the number of the objectives 2.
[W 2025-07-11 07:53:09,304] Trial 278 failed with value inf.
[W 2025-07-11 07:53:14,768] Trial 283 failed with parameters: {'d_safe': 12.681299553795704, 'k_bubble': 128.1334650348732, 'C_collision': 1657.9073554152467, 'k_pos': 0.07345392684934426, 'k_action': 0.05682263749951905, 'w_safe': 0.5074782669369409, 'w_pos': 0.1756600947621597} because of the following error: The number of the values 1 did not match the number of the objectives 2.
[W 2025-07-11 07:53:14,768] Trial 283 failed with value inf.
[W 2025-07-11 07:53:20,360] Trial 288 failed with parameters: {'d_safe': 36.27532321660951, 'k_bubble': 34.06044081267106, 'C_collision': 920.5183151395163, 'k_pos': 0.0053936848705421, 'k_action': 0.004673583913915206, 'w_safe': 0.5817709813037863, 'w_pos': 0.8165308755807831} because of the following error: The number of the values 1 did not match the number of the objectives 2.
[W 2025-07-11 07:53:20,360] Trial 288 failed with value inf.
[W 2025-07-11 07:53:25,962] Trial 292 failed with parameters: {'d_safe': 11.38339341130387, 'k_bubble': 181.88311907953775, 'C_collision': 559.3857841200487, 'k_pos': 0.019485450932572427, 'k_action': 0.008509763831915308, 'w_safe': 0.30459531913442484, 'w_pos': 0.841923837600862} because of the following error: The number of the values 1 did not match the number of the objectives 2.
[W 2025-07-11 07:53:25,962] Trial 292 failed with value inf.
[W 2025-07-11 07:53:31,582] Trial 297 failed with parameters: {'d_safe': 26.616580668777512, 'k_bubble': 35.464295036656004, 'C_collision': 1899.5468660057236, 'k_pos': 0.025877196027835683, 'k_action': 0.06816591638125505, 'w_safe': 0.6246781154908748, 'w_pos': 0.11920683875689075} because of the following error: The number of the values 1 did not match the number of the objectives 2.
[W 2025-07-11 07:53:31,582] Trial 297 failed with value inf.
[W 2025-07-11 07:53:37,029] Trial 302 failed with parameters: {'d_safe': 17.736007422397666, 'k_bubble': 155.20900169731226, 'C_collision': 673.9199455931022, 'k_pos': 0.011648841854966625, 'k_action': 0.09120558390576707, 'w_safe': 0.5411049143105838, 'w_pos': 0.3958464083493305} because of the following error: The number of the values 1 did not match the number of the objectives 2.
[W 2025-07-11 07:53:37,029] Trial 302 failed with value inf.
[W 2025-07-11 07:53:42,463] Trial 307 failed with parameters: {'d_safe': 31.550301075820535, 'k_bubble': 116.09883046587997, 'C_collision': 1253.9389757595927, 'k_pos': 0.03941346482972184, 'k_action': 0.014138312327839474, 'w_safe': 0.32562027257932946, 'w_pos': 0.5097202038003162} because of the following error: The number of the values 1 did not match the number of the objectives 2.
[W 2025-07-11 07:53:42,463] Trial 307 failed with value inf.
[W 2025-07-11 07:53:47,842] Trial 312 failed with parameters: {'d_safe': 31.99415121195311, 'k_bubble': 40.315249440323456, 'C_collision': 1138.4667564029796, 'k_pos': 0.004237038564022034, 'k_action': 0.0011536567003740655, 'w_safe': 0.7553169647145385, 'w_pos': 0.11080928765325844} because of the following error: The number of the values 1 did not match the number of the objectives 2.
[W 2025-07-11 07:53:47,842] Trial 312 failed with value inf.
slurmstepd-s_004_m: error: common_file_write_uints: write value '4086095' to '/sys/fs/cgroup/cgroup.procs' failed: Device or resource busy
slurmstepd-s_004_m: error: Unable to move pid 4086095 to init root cgroup /sys/fs/cgroup
