[I 2025-07-11 07:52:55,181] Using an existing study with name 'IntruderAvoidance-CNN-Parallel' instead of creating a new one.
[W 2025-07-11 07:53:00,698] Trial 271 failed with parameters: {'d_safe': 34.996907367599036, 'k_bubble': 44.920847071053394, 'C_collision': 1966.342363570663, 'k_pos': 0.006650105671152258, 'k_action': 0.010090039509157963, 'w_safe': 0.7611908609138625, 'w_pos': 0.2711063118113598} because of the following error: The number of the values 1 did not match the number of the objectives 2.
[W 2025-07-11 07:53:00,699] Trial 271 failed with value inf.
[W 2025-07-11 07:53:06,464] Trial 276 failed with parameters: {'d_safe': 33.278538120031406, 'k_bubble': 182.20967889641474, 'C_collision': 1711.0238493257807, 'k_pos': 0.027514698433678462, 'k_action': 0.030403825769060505, 'w_safe': 0.5114969622187826, 'w_pos': 0.843835669894058} because of the following error: The number of the values 1 did not match the number of the objectives 2.
[W 2025-07-11 07:53:06,464] Trial 276 failed with value inf.
[W 2025-07-11 07:53:11,794] Trial 281 failed with parameters: {'d_safe': 35.19673189654906, 'k_bubble': 27.17265197210022, 'C_collision': 1219.9638325969772, 'k_pos': 0.02785942482835764, 'k_action': 0.05045800797704165, 'w_safe': 0.1401540570966712, 'w_pos': 0.5372556497394516} because of the following error: The number of the values 1 did not match the number of the objectives 2.
[W 2025-07-11 07:53:11,794] Trial 281 failed with value inf.
[W 2025-07-11 07:53:17,376] Trial 286 failed with parameters: {'d_safe': 32.04715119083526, 'k_bubble': 135.18533800082292, 'C_collision': 1460.4418444643256, 'k_pos': 0.010378254297286681, 'k_action': 0.002075945914327904, 'w_safe': 0.6630181310825167, 'w_pos': 0.4082897922672506} because of the following error: The number of the values 1 did not match the number of the objectives 2.
[W 2025-07-11 07:53:17,377] Trial 286 failed with value inf.
[W 2025-07-11 07:53:22,808] Trial 291 failed with parameters: {'d_safe': 26.542373127637457, 'k_bubble': 192.61832423926083, 'C_collision': 1623.851023689909, 'k_pos': 0.003048557882150926, 'k_action': 0.021764487133927857, 'w_safe': 0.866794263247615, 'w_pos': 0.7265006002595714} because of the following error: The number of the values 1 did not match the number of the objectives 2.
[W 2025-07-11 07:53:22,808] Trial 291 failed with value inf.
[W 2025-07-11 07:53:28,349] Trial 296 failed with parameters: {'d_safe': 36.72380605000931, 'k_bubble': 84.30518809492308, 'C_collision': 1336.565360801861, 'k_pos': 0.059560667292169585, 'k_action': 0.0027729255738756006, 'w_safe': 0.1827748460000742, 'w_pos': 0.17185344496310542} because of the following error: The number of the values 1 did not match the number of the objectives 2.
[W 2025-07-11 07:53:28,349] Trial 296 failed with value inf.
[W 2025-07-11 07:53:33,902] Trial 301 failed with parameters: {'d_safe': 30.292563776679792, 'k_bubble': 141.56987764033482, 'C_collision': 1939.4003781881547, 'k_pos': 0.001619172821516759, 'k_action': 0.022874842776284682, 'w_safe': 0.6638192299385534, 'w_pos': 0.42294290603014995} because of the following error: The number of the values 1 did not match the number of the objectives 2.
[W 2025-07-11 07:53:33,902] Trial 301 failed with value inf.
[W 2025-07-11 07:53:39,385] Trial 306 failed with parameters: {'d_safe': 25.48354372743372, 'k_bubble': 93.93613168068794, 'C_collision': 1302.9743602149197, 'k_pos': 0.006985853335899922, 'k_action': 0.002292670265347908, 'w_safe': 0.8971120985829011, 'w_pos': 0.302470641383741} because of the following error: The number of the values 1 did not match the number of the objectives 2.
[W 2025-07-11 07:53:39,385] Trial 306 failed with value inf.
[W 2025-07-11 07:53:44,767] Trial 311 failed with parameters: {'d_safe': 34.929437844488305, 'k_bubble': 181.04501297838902, 'C_collision': 1027.8445380834291, 'k_pos': 0.001163729855133454, 'k_action': 0.053463822033935154, 'w_safe': 0.4536986527939556, 'w_pos': 0.2372149126375873} because of the following error: The number of the values 1 did not match the number of the objectives 2.
[W 2025-07-11 07:53:44,767] Trial 311 failed with value inf.
[W 2025-07-11 07:53:50,235] Trial 316 failed with parameters: {'d_safe': 31.10976379018145, 'k_bubble': 124.25532596967388, 'C_collision': 1170.678674974397, 'k_pos': 0.019949789103130666, 'k_action': 0.02415564570939457, 'w_safe': 0.652207271031591, 'w_pos': 0.14593123000709146} because of the following error: The number of the values 1 did not match the number of the objectives 2.
[W 2025-07-11 07:53:50,235] Trial 316 failed with value inf.
slurmstepd-s_004_m: error: common_file_write_uints: write value '4086149' to '/sys/fs/cgroup/cgroup.procs' failed: Device or resource busy
slurmstepd-s_004_m: error: Unable to move pid 4086149 to init root cgroup /sys/fs/cgroup
