[I 2025-07-11 07:38:38,962] Using an existing study with name 'IntruderAvoidance-CNN-Parallel' instead of creating a new one.
[W 2025-07-11 07:38:44,460] Trial 51 failed with parameters: {'d_safe': 22.32521368372396, 'k_bubble': 158.10737566467537, 'C_collision': 1862.0868258995313, 'k_pos': 0.0015968682357206754, 'k_action': 0.07362183589474935, 'w_safe': 0.24838446626579058, 'w_pos': 0.14119574127586293} because of the following error: The number of the values 1 did not match the number of the objectives 2.
[W 2025-07-11 07:38:44,461] Trial 51 failed with value inf.
[W 2025-07-11 07:38:49,992] Trial 56 failed with parameters: {'d_safe': 11.6468117288543, 'k_bubble': 144.051007497648, 'C_collision': 652.4203138041297, 'k_pos': 0.0729135426353548, 'k_action': 0.058832574470630304, 'w_safe': 0.6376340479907749, 'w_pos': 0.10569404308982273} because of the following error: The number of the values 1 did not match the number of the objectives 2.
[W 2025-07-11 07:38:49,992] Trial 56 failed with value inf.
[W 2025-07-11 07:38:55,778] Trial 61 failed with parameters: {'d_safe': 13.663396295135916, 'k_bubble': 124.61711109665525, 'C_collision': 1560.9210547129314, 'k_pos': 0.015860472338007862, 'k_action': 0.043714227827205736, 'w_safe': 0.6283647170651504, 'w_pos': 0.3407943054935798} because of the following error: The number of the values 1 did not match the number of the objectives 2.
[W 2025-07-11 07:38:55,778] Trial 61 failed with value inf.
[W 2025-07-11 07:39:01,348] Trial 66 failed with parameters: {'d_safe': 28.391585015901125, 'k_bubble': 56.91447870445886, 'C_collision': 1290.0346880869445, 'k_pos': 0.001211936510513159, 'k_action': 0.007244991425846732, 'w_safe': 0.25787161476041326, 'w_pos': 0.2934043839834397} because of the following error: The number of the values 1 did not match the number of the objectives 2.
[W 2025-07-11 07:39:01,348] Trial 66 failed with value inf.
[W 2025-07-11 07:39:06,968] Trial 71 failed with parameters: {'d_safe': 11.067499154437272, 'k_bubble': 128.14437813756575, 'C_collision': 1371.0378135819165, 'k_pos': 0.0022537144694480134, 'k_action': 0.0028381964509620623, 'w_safe': 0.7120339972889287, 'w_pos': 0.3750377848255386} because of the following error: The number of the values 1 did not match the number of the objectives 2.
[W 2025-07-11 07:39:06,968] Trial 71 failed with value inf.
[W 2025-07-11 07:39:12,587] Trial 76 failed with parameters: {'d_safe': 16.422378737552446, 'k_bubble': 195.22557799799017, 'C_collision': 1727.3295550189341, 'k_pos': 0.021789151288143602, 'k_action': 0.00326777969620235, 'w_safe': 0.7174769903674688, 'w_pos': 0.8893337476302111} because of the following error: The number of the values 1 did not match the number of the objectives 2.
[W 2025-07-11 07:39:12,588] Trial 76 failed with value inf.
[W 2025-07-11 07:39:18,523] Trial 80 failed with parameters: {'d_safe': 31.621060993866337, 'k_bubble': 173.6949570270584, 'C_collision': 810.5941515490947, 'k_pos': 0.0023634603580868696, 'k_action': 0.013745456602469033, 'w_safe': 0.773543176757852, 'w_pos': 0.745836526914569} because of the following error: The number of the values 1 did not match the number of the objectives 2.
[W 2025-07-11 07:39:18,523] Trial 80 failed with value inf.
[W 2025-07-11 07:39:24,234] Trial 86 failed with parameters: {'d_safe': 37.82153254321406, 'k_bubble': 84.81004055171279, 'C_collision': 1958.0733157308152, 'k_pos': 0.010071895429952167, 'k_action': 0.009062440447836162, 'w_safe': 0.12541176753915978, 'w_pos': 0.8089091827358733} because of the following error: The number of the values 1 did not match the number of the objectives 2.
[W 2025-07-11 07:39:24,234] Trial 86 failed with value inf.
[W 2025-07-11 07:39:29,939] Trial 91 failed with parameters: {'d_safe': 27.18134806362441, 'k_bubble': 178.18246646074155, 'C_collision': 1755.7779108102147, 'k_pos': 0.0109436243273493, 'k_action': 0.08133001597066768, 'w_safe': 0.5717898853533255, 'w_pos': 0.6523638839379207} because of the following error: The number of the values 1 did not match the number of the objectives 2.
[W 2025-07-11 07:39:29,939] Trial 91 failed with value inf.
[W 2025-07-11 07:39:35,527] Trial 96 failed with parameters: {'d_safe': 19.414509876897213, 'k_bubble': 163.48966260615043, 'C_collision': 1040.9357206437596, 'k_pos': 0.00931032784994138, 'k_action': 0.05356351077509842, 'w_safe': 0.6994592133889844, 'w_pos': 0.5974777312724194} because of the following error: The number of the values 1 did not match the number of the objectives 2.
[W 2025-07-11 07:39:35,527] Trial 96 failed with value inf.
slurmstepd-s_004_m: error: common_file_write_uints: write value '4083330' to '/sys/fs/cgroup/cgroup.procs' failed: Device or resource busy
slurmstepd-s_004_m: error: Unable to move pid 4083330 to init root cgroup /sys/fs/cgroup
