[I 2025-07-11 07:53:56,838] Using an existing study with name 'IntruderAvoidance-CNN-Parallel' instead of creating a new one.
[W 2025-07-11 07:54:02,664] Trial 325 failed with parameters: {'d_safe': 26.680227862836812, 'k_bubble': 163.24918779259386, 'C_collision': 1576.2807953655772, 'k_pos': 0.0039829649958431045, 'k_action': 0.0032630774014978307, 'w_safe': 0.5002653133394739, 'w_pos': 0.12232730657692158} because of the following error: The number of the values 1 did not match the number of the objectives 2.
[W 2025-07-11 07:54:02,666] Trial 325 failed with value inf.
[W 2025-07-11 07:54:08,371] Trial 330 failed with parameters: {'d_safe': 19.427782292566548, 'k_bubble': 149.29028184625693, 'C_collision': 1999.8812166411205, 'k_pos': 0.00478140295211886, 'k_action': 0.015939256226059816, 'w_safe': 0.4595551457853787, 'w_pos': 0.5506758758251288} because of the following error: The number of the values 1 did not match the number of the objectives 2.
[W 2025-07-11 07:54:08,371] Trial 330 failed with value inf.
[W 2025-07-11 07:54:13,938] Trial 335 failed with parameters: {'d_safe': 23.668136020644177, 'k_bubble': 19.520645849610197, 'C_collision': 1686.8405601871057, 'k_pos': 0.007893476240384294, 'k_action': 0.0010302455711083138, 'w_safe': 0.800954009348834, 'w_pos': 0.22188886937944724} because of the following error: The number of the values 1 did not match the number of the objectives 2.
[W 2025-07-11 07:54:13,938] Trial 335 failed with value inf.
[W 2025-07-11 07:54:19,710] Trial 340 failed with parameters: {'d_safe': 10.36362787988148, 'k_bubble': 101.61092192296154, 'C_collision': 1684.5335639883297, 'k_pos': 0.0033246363887784332, 'k_action': 0.0054200404649911845, 'w_safe': 0.8285709720261407, 'w_pos': 0.7728019798049129} because of the following error: The number of the values 1 did not match the number of the objectives 2.
[W 2025-07-11 07:54:19,711] Trial 340 failed with value inf.
[W 2025-07-11 07:54:25,436] Trial 345 failed with parameters: {'d_safe': 37.93451784733964, 'k_bubble': 188.6568131849861, 'C_collision': 1243.1150142740037, 'k_pos': 0.08539269416837936, 'k_action': 0.00830989529900188, 'w_safe': 0.27347566809348295, 'w_pos': 0.6084886881288629} because of the following error: The number of the values 1 did not match the number of the objectives 2.
[W 2025-07-11 07:54:25,436] Trial 345 failed with value inf.
[W 2025-07-11 07:54:31,073] Trial 350 failed with parameters: {'d_safe': 18.475580391957692, 'k_bubble': 72.19036845587024, 'C_collision': 756.9556918115042, 'k_pos': 0.001905715781475758, 'k_action': 0.0026077024369065916, 'w_safe': 0.6832903518646114, 'w_pos': 0.4789982203089882} because of the following error: The number of the values 1 did not match the number of the objectives 2.
[W 2025-07-11 07:54:31,073] Trial 350 failed with value inf.
[W 2025-07-11 07:54:36,740] Trial 355 failed with parameters: {'d_safe': 10.231358484753956, 'k_bubble': 41.27719773470933, 'C_collision': 1413.876001965817, 'k_pos': 0.008131278319783879, 'k_action': 0.011658129302492761, 'w_safe': 0.7719051585471058, 'w_pos': 0.7602261894582064} because of the following error: The number of the values 1 did not match the number of the objectives 2.
[W 2025-07-11 07:54:36,740] Trial 355 failed with value inf.
[W 2025-07-11 07:54:42,299] Trial 360 failed with parameters: {'d_safe': 28.772354598701405, 'k_bubble': 70.14728572403652, 'C_collision': 941.08802234921, 'k_pos': 0.004996620545822429, 'k_action': 0.011786254562599227, 'w_safe': 0.4422393973618646, 'w_pos': 0.4769232403744684} because of the following error: The number of the values 1 did not match the number of the objectives 2.
[W 2025-07-11 07:54:42,299] Trial 360 failed with value inf.
[W 2025-07-11 07:54:47,812] Trial 365 failed with parameters: {'d_safe': 21.302070775171174, 'k_bubble': 96.85362995880983, 'C_collision': 1386.043927540924, 'k_pos': 0.0010886175241878408, 'k_action': 0.0049163354590482464, 'w_safe': 0.4876024795419486, 'w_pos': 0.2905255740996021} because of the following error: The number of the values 1 did not match the number of the objectives 2.
[W 2025-07-11 07:54:47,812] Trial 365 failed with value inf.
[W 2025-07-11 07:54:53,192] Trial 368 failed with parameters: {'d_safe': 17.264465840867132, 'k_bubble': 174.11823732142872, 'C_collision': 941.0623752523929, 'k_pos': 0.08127253940970633, 'k_action': 0.02675968165289482, 'w_safe': 0.3830169678703632, 'w_pos': 0.7537696852286448} because of the following error: The number of the values 1 did not match the number of the objectives 2.
[W 2025-07-11 07:54:53,192] Trial 368 failed with value inf.
slurmstepd-s_004_m: error: common_file_write_uints: write value '4086871' to '/sys/fs/cgroup/cgroup.procs' failed: Device or resource busy
slurmstepd-s_004_m: error: Unable to move pid 4086871 to init root cgroup /sys/fs/cgroup
