[I 2025-07-11 07:52:58,704] Using an existing study with name 'IntruderAvoidance-CNN-Parallel' instead of creating a new one.
[W 2025-07-11 07:53:04,541] Trial 275 failed with parameters: {'d_safe': 12.667707394042655, 'k_bubble': 145.16658283039592, 'C_collision': 662.772977012442, 'k_pos': 0.0014730429156476796, 'k_action': 0.003070535950443652, 'w_safe': 0.463887160337887, 'w_pos': 0.30536183436530384} because of the following error: The number of the values 1 did not match the number of the objectives 2.
[W 2025-07-11 07:53:04,542] Trial 275 failed with value inf.
[W 2025-07-11 07:53:10,216] Trial 280 failed with parameters: {'d_safe': 28.223490308329943, 'k_bubble': 112.88423687574266, 'C_collision': 734.8058361469168, 'k_pos': 0.0218957459393337, 'k_action': 0.008277202587191244, 'w_safe': 0.8672857880930113, 'w_pos': 0.5087444524821512} because of the following error: The number of the values 1 did not match the number of the objectives 2.
[W 2025-07-11 07:53:10,217] Trial 280 failed with value inf.
[W 2025-07-11 07:53:15,899] Trial 285 failed with parameters: {'d_safe': 19.149560883800078, 'k_bubble': 197.1760556131243, 'C_collision': 1533.993836954238, 'k_pos': 0.07703821249957568, 'k_action': 0.0026195392214606377, 'w_safe': 0.22470811283540712, 'w_pos': 0.2022783454663257} because of the following error: The number of the values 1 did not match the number of the objectives 2.
[W 2025-07-11 07:53:15,899] Trial 285 failed with value inf.
[W 2025-07-11 07:53:21,583] Trial 290 failed with parameters: {'d_safe': 12.493912069286985, 'k_bubble': 112.38731508899278, 'C_collision': 1985.93105923651, 'k_pos': 0.008056824289469626, 'k_action': 0.057211486842519574, 'w_safe': 0.5510133560050818, 'w_pos': 0.4694479842247613} because of the following error: The number of the values 1 did not match the number of the objectives 2.
[W 2025-07-11 07:53:21,583] Trial 290 failed with value inf.
[W 2025-07-11 07:53:27,469] Trial 295 failed with parameters: {'d_safe': 13.070321707823886, 'k_bubble': 96.39160132065291, 'C_collision': 1531.9010237205498, 'k_pos': 0.014284677417518942, 'k_action': 0.007509377322960121, 'w_safe': 0.379566526533475, 'w_pos': 0.7178167716433025} because of the following error: The number of the values 1 did not match the number of the objectives 2.
[W 2025-07-11 07:53:27,469] Trial 295 failed with value inf.
[W 2025-07-11 07:53:33,192] Trial 300 failed with parameters: {'d_safe': 23.4645054595377, 'k_bubble': 65.15533681987557, 'C_collision': 917.5536395414053, 'k_pos': 0.005520021740909361, 'k_action': 0.0010051326800250239, 'w_safe': 0.872094165696894, 'w_pos': 0.7069440285805398} because of the following error: The number of the values 1 did not match the number of the objectives 2.
[W 2025-07-11 07:53:33,192] Trial 300 failed with value inf.
[W 2025-07-11 07:53:38,910] Trial 305 failed with parameters: {'d_safe': 20.44321480386875, 'k_bubble': 37.024736402945365, 'C_collision': 1601.0063602794087, 'k_pos': 0.04067400376116268, 'k_action': 0.002591798544532859, 'w_safe': 0.8656422162482541, 'w_pos': 0.43369604110618576} because of the following error: The number of the values 1 did not match the number of the objectives 2.
[W 2025-07-11 07:53:38,910] Trial 305 failed with value inf.
[W 2025-07-11 07:53:44,584] Trial 310 failed with parameters: {'d_safe': 27.057837691904794, 'k_bubble': 57.95925542085422, 'C_collision': 962.0779377252952, 'k_pos': 0.04195627825958897, 'k_action': 0.007787491363003733, 'w_safe': 0.3774188042997073, 'w_pos': 0.43681381806181807} because of the following error: The number of the values 1 did not match the number of the objectives 2.
[W 2025-07-11 07:53:44,584] Trial 310 failed with value inf.
[W 2025-07-11 07:53:50,351] Trial 315 failed with parameters: {'d_safe': 29.50684881254571, 'k_bubble': 63.812581720856265, 'C_collision': 1190.3853790173437, 'k_pos': 0.003107034436375658, 'k_action': 0.006769968185765354, 'w_safe': 0.2536108463673561, 'w_pos': 0.22597231531771333} because of the following error: The number of the values 1 did not match the number of the objectives 2.
[W 2025-07-11 07:53:50,351] Trial 315 failed with value inf.
[W 2025-07-11 07:53:55,994] Trial 320 failed with parameters: {'d_safe': 32.7955514049107, 'k_bubble': 54.810866605828565, 'C_collision': 1177.8532931847358, 'k_pos': 0.056065180431812175, 'k_action': 0.0010138861894868176, 'w_safe': 0.10264678242497577, 'w_pos': 0.17174927917228847} because of the following error: The number of the values 1 did not match the number of the objectives 2.
[W 2025-07-11 07:53:55,994] Trial 320 failed with value inf.
slurmstepd-s_004_m: error: common_file_write_uints: write value '4086291' to '/sys/fs/cgroup/cgroup.procs' failed: Device or resource busy
slurmstepd-s_004_m: error: Unable to move pid 4086291 to init root cgroup /sys/fs/cgroup
