[I 2025-07-11 07:40:33,787] Using an existing study with name 'IntruderAvoidance-CNN-Parallel' instead of creating a new one.
[W 2025-07-11 07:40:39,272] Trial 150 failed with parameters: {'d_safe': 34.364086656080744, 'k_bubble': 13.898574981859461, 'C_collision': 1402.998285259671, 'k_pos': 0.003766310977376503, 'k_action': 0.004261404985462746, 'w_safe': 0.8709812578226499, 'w_pos': 0.21423136422096897} because of the following error: The number of the values 1 did not match the number of the objectives 2.
[W 2025-07-11 07:40:39,272] Trial 150 failed with value inf.
[W 2025-07-11 07:40:44,513] Trial 153 failed with parameters: {'d_safe': 27.94622061712865, 'k_bubble': 21.087790282274387, 'C_collision': 1816.4451638631026, 'k_pos': 0.0614653145991102, 'k_action': 0.013321816854308215, 'w_safe': 0.857081689614441, 'w_pos': 0.3608791873608762} because of the following error: The number of the values 1 did not match the number of the objectives 2.
[W 2025-07-11 07:40:44,513] Trial 153 failed with value inf.
[W 2025-07-11 07:40:49,843] Trial 154 failed with parameters: {'d_safe': 38.13658249194754, 'k_bubble': 14.695637858076708, 'C_collision': 918.6222171544675, 'k_pos': 0.012191045844412687, 'k_action': 0.06608087419657155, 'w_safe': 0.39899805516011866, 'w_pos': 0.6300255298804892} because of the following error: The number of the values 1 did not match the number of the objectives 2.
[W 2025-07-11 07:40:49,843] Trial 154 failed with value inf.
[W 2025-07-11 07:40:55,042] Trial 157 failed with parameters: {'d_safe': 38.29206309097773, 'k_bubble': 58.592617914430974, 'C_collision': 1583.1054089240988, 'k_pos': 0.05814807206721909, 'k_action': 0.05191478011066931, 'w_safe': 0.10250499786910705, 'w_pos': 0.2449340677364834} because of the following error: The number of the values 1 did not match the number of the objectives 2.
[W 2025-07-11 07:40:55,042] Trial 157 failed with value inf.
[W 2025-07-11 07:41:00,292] Trial 158 failed with parameters: {'d_safe': 17.383459408903246, 'k_bubble': 92.6936423831631, 'C_collision': 1710.784399685124, 'k_pos': 0.021266344662645903, 'k_action': 0.010330878684490966, 'w_safe': 0.2644056784276699, 'w_pos': 0.8151432956727586} because of the following error: The number of the values 1 did not match the number of the objectives 2.
[W 2025-07-11 07:41:00,292] Trial 158 failed with value inf.
[W 2025-07-11 07:41:05,640] Trial 160 failed with parameters: {'d_safe': 16.921232656113723, 'k_bubble': 113.05437704860104, 'C_collision': 1949.853936233313, 'k_pos': 0.01739328262958364, 'k_action': 0.002070994290434315, 'w_safe': 0.3035397554854552, 'w_pos': 0.27633455725994227} because of the following error: The number of the values 1 did not match the number of the objectives 2.
[W 2025-07-11 07:41:05,640] Trial 160 failed with value inf.
[W 2025-07-11 07:41:10,895] Trial 162 failed with parameters: {'d_safe': 10.0293538215874, 'k_bubble': 182.0608967434419, 'C_collision': 1890.8910771642227, 'k_pos': 0.026562092111309606, 'k_action': 0.013998787723298716, 'w_safe': 0.3430131551746792, 'w_pos': 0.27165424254547765} because of the following error: The number of the values 1 did not match the number of the objectives 2.
[W 2025-07-11 07:41:10,895] Trial 162 failed with value inf.
[W 2025-07-11 07:41:16,493] Trial 165 failed with parameters: {'d_safe': 21.03754861054488, 'k_bubble': 132.42236455169962, 'C_collision': 858.5878970241373, 'k_pos': 0.0022526556116080425, 'k_action': 0.09626991459309579, 'w_safe': 0.7708913372627334, 'w_pos': 0.43511040681950097} because of the following error: The number of the values 1 did not match the number of the objectives 2.
[W 2025-07-11 07:41:16,493] Trial 165 failed with value inf.
[W 2025-07-11 07:41:21,736] Trial 166 failed with parameters: {'d_safe': 16.966896332385275, 'k_bubble': 188.21010039366752, 'C_collision': 1161.403014426537, 'k_pos': 0.007844118102269228, 'k_action': 0.005952835100735502, 'w_safe': 0.4812400842610245, 'w_pos': 0.35892925593678704} because of the following error: The number of the values 1 did not match the number of the objectives 2.
[W 2025-07-11 07:41:21,736] Trial 166 failed with value inf.
[W 2025-07-11 07:41:26,955] Trial 168 failed with parameters: {'d_safe': 23.346713518418824, 'k_bubble': 111.14368538718672, 'C_collision': 764.3990357771846, 'k_pos': 0.0969860845584802, 'k_action': 0.026567561927540097, 'w_safe': 0.38723191493040476, 'w_pos': 0.6743986089479032} because of the following error: The number of the values 1 did not match the number of the objectives 2.
[W 2025-07-11 07:41:26,955] Trial 168 failed with value inf.
slurmstepd-s_004_m: error: common_file_write_uints: write value '4084553' to '/sys/fs/cgroup/cgroup.procs' failed: Device or resource busy
slurmstepd-s_004_m: error: Unable to move pid 4084553 to init root cgroup /sys/fs/cgroup
