[I 2025-07-11 07:37:34,493] Using an existing study with name 'IntruderAvoidance-CNN-Parallel' instead of creating a new one.
[W 2025-07-11 07:37:48,356] Trial 3 failed with parameters: {'d_safe': 11.352797366923129, 'k_bubble': 64.46473743481316, 'C_collision': 1762.6721047358562, 'k_pos': 0.08022102152518225, 'k_action': 0.0067851383524590875, 'w_safe': 0.15145020446400298, 'w_pos': 0.8666989394193351} because of the following error: The number of the values 1 did not match the number of the objectives 2.
[W 2025-07-11 07:37:48,356] Trial 3 failed with value inf.
[W 2025-07-11 07:37:54,053] Trial 9 failed with parameters: {'d_safe': 33.25732191403294, 'k_bubble': 80.32703986504447, 'C_collision': 1415.886441985152, 'k_pos': 0.05099778819229309, 'k_action': 0.005661196507319402, 'w_safe': 0.2913057485051139, 'w_pos': 0.2490108221855179} because of the following error: The number of the values 1 did not match the number of the objectives 2.
[W 2025-07-11 07:37:54,053] Trial 9 failed with value inf.
[W 2025-07-11 07:38:00,264] Trial 12 failed with parameters: {'d_safe': 38.13019823946422, 'k_bubble': 76.64230574538838, 'C_collision': 1574.522779732772, 'k_pos': 0.001065732516121029, 'k_action': 0.061482125384573996, 'w_safe': 0.8999617027618431, 'w_pos': 0.7815519136454658} because of the following error: The number of the values 1 did not match the number of the objectives 2.
[W 2025-07-11 07:38:00,264] Trial 12 failed with value inf.
[W 2025-07-11 07:38:06,390] Trial 18 failed with parameters: {'d_safe': 27.669972722875563, 'k_bubble': 32.847650579384656, 'C_collision': 1181.130964820944, 'k_pos': 0.010979040113834106, 'k_action': 0.013689278242056957, 'w_safe': 0.6064767933315621, 'w_pos': 0.55187915435796} because of the following error: The number of the values 1 did not match the number of the objectives 2.
[W 2025-07-11 07:38:06,390] Trial 18 failed with value inf.
[W 2025-07-11 07:38:12,410] Trial 23 failed with parameters: {'d_safe': 31.60429570573253, 'k_bubble': 149.93486110922626, 'C_collision': 1721.3896784940973, 'k_pos': 0.005895387824095853, 'k_action': 0.028564163651424553, 'w_safe': 0.46676617492280237, 'w_pos': 0.6382720636859976} because of the following error: The number of the values 1 did not match the number of the objectives 2.
[W 2025-07-11 07:38:12,410] Trial 23 failed with value inf.
[W 2025-07-11 07:38:18,338] Trial 29 failed with parameters: {'d_safe': 22.697840679820885, 'k_bubble': 199.56257110475988, 'C_collision': 738.0551198599064, 'k_pos': 0.07253139144618488, 'k_action': 0.02439006093714745, 'w_safe': 0.8090424529238093, 'w_pos': 0.4984684281423535} because of the following error: The number of the values 1 did not match the number of the objectives 2.
[W 2025-07-11 07:38:18,338] Trial 29 failed with value inf.
[W 2025-07-11 07:38:24,263] Trial 33 failed with parameters: {'d_safe': 26.676071518214574, 'k_bubble': 81.39777213499087, 'C_collision': 1494.441129148518, 'k_pos': 0.01841026549007042, 'k_action': 0.007106404889038301, 'w_safe': 0.28073585008532265, 'w_pos': 0.12061310420263816} because of the following error: The number of the values 1 did not match the number of the objectives 2.
[W 2025-07-11 07:38:24,263] Trial 33 failed with value inf.
[W 2025-07-11 07:38:30,081] Trial 38 failed with parameters: {'d_safe': 33.66355538790157, 'k_bubble': 51.670796610134346, 'C_collision': 1243.9469081032773, 'k_pos': 0.011811301803786275, 'k_action': 0.001948405356779266, 'w_safe': 0.41994768803553517, 'w_pos': 0.6545389139621363} because of the following error: The number of the values 1 did not match the number of the objectives 2.
[W 2025-07-11 07:38:30,081] Trial 38 failed with value inf.
[W 2025-07-11 07:38:35,847] Trial 44 failed with parameters: {'d_safe': 22.957608317269685, 'k_bubble': 163.75914352046436, 'C_collision': 745.0648390495751, 'k_pos': 0.0042491773202876565, 'k_action': 0.0026423111602119896, 'w_safe': 0.3521870088131144, 'w_pos': 0.4226069836545705} because of the following error: The number of the values 1 did not match the number of the objectives 2.
[W 2025-07-11 07:38:35,847] Trial 44 failed with value inf.
[W 2025-07-11 07:38:41,609] Trial 49 failed with parameters: {'d_safe': 13.68904813361743, 'k_bubble': 122.45626930575443, 'C_collision': 783.8776405139884, 'k_pos': 0.0017282311254391163, 'k_action': 0.03050594667945657, 'w_safe': 0.2537627528527646, 'w_pos': 0.41931979385813456} because of the following error: The number of the values 1 did not match the number of the objectives 2.
[W 2025-07-11 07:38:41,609] Trial 49 failed with value inf.
slurmstepd-s_004_m: error: common_file_write_uints: write value '4082823' to '/sys/fs/cgroup/cgroup.procs' failed: Device or resource busy
slurmstepd-s_004_m: error: Unable to move pid 4082823 to init root cgroup /sys/fs/cgroup
