[I 2025-07-11 07:37:34,489] Using an existing study with name 'IntruderAvoidance-CNN-Parallel' instead of creating a new one.
[W 2025-07-11 07:37:48,188] Trial 1 failed with parameters: {'d_safe': 25.588134428623093, 'k_bubble': 24.32938670788009, 'C_collision': 1029.6137130950106, 'k_pos': 0.009108824161120656, 'k_action': 0.017879844165891234, 'w_safe': 0.6155076838527804, 'w_pos': 0.8928200411841015} because of the following error: The number of the values 1 did not match the number of the objectives 2.
[W 2025-07-11 07:37:48,188] Trial 1 failed with value inf.
[W 2025-07-11 07:37:53,916] Trial 5 failed with parameters: {'d_safe': 14.844635030721008, 'k_bubble': 153.95060923381843, 'C_collision': 1267.495989655965, 'k_pos': 0.0069381479424468675, 'k_action': 0.0229280135385613, 'w_safe': 0.6055039561300268, 'w_pos': 0.8275405648440709} because of the following error: The number of the values 1 did not match the number of the objectives 2.
[W 2025-07-11 07:37:53,916] Trial 5 failed with value inf.
[W 2025-07-11 07:37:59,581] Trial 10 failed with parameters: {'d_safe': 11.594134406953831, 'k_bubble': 37.85180183388512, 'C_collision': 643.8926544468793, 'k_pos': 0.0011933689011795643, 'k_action': 0.001211253572881209, 'w_safe': 0.8509619940525713, 'w_pos': 0.7717257300104696} because of the following error: The number of the values 1 did not match the number of the objectives 2.
[W 2025-07-11 07:37:59,581] Trial 10 failed with value inf.
[W 2025-07-11 07:38:05,094] Trial 15 failed with parameters: {'d_safe': 17.92279190543711, 'k_bubble': 192.73123273242905, 'C_collision': 1907.0643470708956, 'k_pos': 0.00554468936479641, 'k_action': 0.039320501797473144, 'w_safe': 0.5208479344721678, 'w_pos': 0.8591103161064817} because of the following error: The number of the values 1 did not match the number of the objectives 2.
[W 2025-07-11 07:38:05,094] Trial 15 failed with value inf.
[W 2025-07-11 07:38:10,504] Trial 20 failed with parameters: {'d_safe': 28.596785685144656, 'k_bubble': 112.03891177759084, 'C_collision': 1655.7050338496704, 'k_pos': 0.007564820651796096, 'k_action': 0.05109626899955903, 'w_safe': 0.34901139583454144, 'w_pos': 0.6820366784111965} because of the following error: The number of the values 1 did not match the number of the objectives 2.
[W 2025-07-11 07:38:10,504] Trial 20 failed with value inf.
[W 2025-07-11 07:38:15,937] Trial 25 failed with parameters: {'d_safe': 20.722445411642468, 'k_bubble': 126.59672836176884, 'C_collision': 1002.448112718814, 'k_pos': 0.005949306694066693, 'k_action': 0.0014599670297232373, 'w_safe': 0.5514542411036927, 'w_pos': 0.6464981513715068} because of the following error: The number of the values 1 did not match the number of the objectives 2.
[W 2025-07-11 07:38:15,937] Trial 25 failed with value inf.
[W 2025-07-11 07:38:21,348] Trial 30 failed with parameters: {'d_safe': 35.77230513556764, 'k_bubble': 120.34597291681388, 'C_collision': 1100.7282517981705, 'k_pos': 0.015367582002510155, 'k_action': 0.003961292468174767, 'w_safe': 0.757473089180699, 'w_pos': 0.8582834905174215} because of the following error: The number of the values 1 did not match the number of the objectives 2.
[W 2025-07-11 07:38:21,348] Trial 30 failed with value inf.
[W 2025-07-11 07:38:26,975] Trial 35 failed with parameters: {'d_safe': 38.2152781780376, 'k_bubble': 14.922441395633095, 'C_collision': 1426.5301620070165, 'k_pos': 0.06429360670851753, 'k_action': 0.007975048400522475, 'w_safe': 0.3062468110728297, 'w_pos': 0.8201294883764788} because of the following error: The number of the values 1 did not match the number of the objectives 2.
[W 2025-07-11 07:38:26,975] Trial 35 failed with value inf.
[W 2025-07-11 07:38:32,406] Trial 40 failed with parameters: {'d_safe': 23.42895210063807, 'k_bubble': 151.5619093365692, 'C_collision': 985.1311436457395, 'k_pos': 0.03032935362663843, 'k_action': 0.0017885344347916227, 'w_safe': 0.4989149023061671, 'w_pos': 0.6737972852422953} because of the following error: The number of the values 1 did not match the number of the objectives 2.
[W 2025-07-11 07:38:32,406] Trial 40 failed with value inf.
[W 2025-07-11 07:38:37,864] Trial 45 failed with parameters: {'d_safe': 31.24078303692609, 'k_bubble': 109.00432307940024, 'C_collision': 589.7915229248047, 'k_pos': 0.0015613369245450002, 'k_action': 0.005110703407088927, 'w_safe': 0.4028217766747234, 'w_pos': 0.26187975504033223} because of the following error: The number of the values 1 did not match the number of the objectives 2.
[W 2025-07-11 07:38:37,864] Trial 45 failed with value inf.
slurmstepd-s_004_m: error: common_file_write_uints: write value '4082829' to '/sys/fs/cgroup/cgroup.procs' failed: Device or resource busy
slurmstepd-s_004_m: error: Unable to move pid 4082829 to init root cgroup /sys/fs/cgroup
