[I 2025-07-11 07:53:48,956] Using an existing study with name 'IntruderAvoidance-CNN-Parallel' instead of creating a new one.
[W 2025-07-11 07:53:54,659] Trial 318 failed with parameters: {'d_safe': 30.22430206625126, 'k_bubble': 151.0272014002569, 'C_collision': 1627.950072089145, 'k_pos': 0.04603119555374803, 'k_action': 0.02806778518606629, 'w_safe': 0.6351247620750665, 'w_pos': 0.8130198134562421} because of the following error: The number of the values 1 did not match the number of the objectives 2.
[W 2025-07-11 07:53:54,659] Trial 318 failed with value inf.
[W 2025-07-11 07:54:00,206] Trial 322 failed with parameters: {'d_safe': 36.71512498817036, 'k_bubble': 84.10577304477471, 'C_collision': 590.0540385017221, 'k_pos': 0.005593966683969139, 'k_action': 0.050219029195228825, 'w_safe': 0.5126917893545595, 'w_pos': 0.4907986601056301} because of the following error: The number of the values 1 did not match the number of the objectives 2.
[W 2025-07-11 07:54:00,206] Trial 322 failed with value inf.
[W 2025-07-11 07:54:05,650] Trial 327 failed with parameters: {'d_safe': 39.591540997190485, 'k_bubble': 170.2141513200331, 'C_collision': 1640.8193926924125, 'k_pos': 0.006032985049474982, 'k_action': 0.008178472249973985, 'w_safe': 0.7695471577917476, 'w_pos': 0.19356577485109192} because of the following error: The number of the values 1 did not match the number of the objectives 2.
[W 2025-07-11 07:54:05,650] Trial 327 failed with value inf.
[W 2025-07-11 07:54:11,040] Trial 332 failed with parameters: {'d_safe': 39.04554672514528, 'k_bubble': 64.29630983654891, 'C_collision': 1583.6804019300382, 'k_pos': 0.006595517524712623, 'k_action': 0.005590514430108106, 'w_safe': 0.7963292829751003, 'w_pos': 0.743624491512085} because of the following error: The number of the values 1 did not match the number of the objectives 2.
[W 2025-07-11 07:54:11,040] Trial 332 failed with value inf.
[W 2025-07-11 07:54:16,478] Trial 337 failed with parameters: {'d_safe': 28.66357712899761, 'k_bubble': 106.25337918308803, 'C_collision': 658.4106178496928, 'k_pos': 0.002636098330111952, 'k_action': 0.02518473184512724, 'w_safe': 0.2656131640220609, 'w_pos': 0.6563058143181932} because of the following error: The number of the values 1 did not match the number of the objectives 2.
[W 2025-07-11 07:54:16,478] Trial 337 failed with value inf.
[W 2025-07-11 07:54:21,831] Trial 342 failed with parameters: {'d_safe': 34.89874210858062, 'k_bubble': 93.39187257237106, 'C_collision': 935.5520128339522, 'k_pos': 0.001614455030243084, 'k_action': 0.034016333850115876, 'w_safe': 0.6174149351377104, 'w_pos': 0.724949501167512} because of the following error: The number of the values 1 did not match the number of the objectives 2.
[W 2025-07-11 07:54:21,831] Trial 342 failed with value inf.
[W 2025-07-11 07:54:27,289] Trial 347 failed with parameters: {'d_safe': 15.573520765001224, 'k_bubble': 73.70196636594233, 'C_collision': 1329.1271674530578, 'k_pos': 0.004347584842073155, 'k_action': 0.001080796345232213, 'w_safe': 0.7084696319411447, 'w_pos': 0.7150301365241464} because of the following error: The number of the values 1 did not match the number of the objectives 2.
[W 2025-07-11 07:54:27,289] Trial 347 failed with value inf.
[W 2025-07-11 07:54:32,646] Trial 352 failed with parameters: {'d_safe': 17.866120489698794, 'k_bubble': 46.82106417378119, 'C_collision': 1273.4162244421234, 'k_pos': 0.031752674585529286, 'k_action': 0.030753134191796597, 'w_safe': 0.6130046580784863, 'w_pos': 0.8163248281061275} because of the following error: The number of the values 1 did not match the number of the objectives 2.
[W 2025-07-11 07:54:32,646] Trial 352 failed with value inf.
[W 2025-07-11 07:54:38,011] Trial 357 failed with parameters: {'d_safe': 10.720307094831306, 'k_bubble': 63.940097185748776, 'C_collision': 1027.4362268419986, 'k_pos': 0.002715604669916669, 'k_action': 0.0011706447076296365, 'w_safe': 0.603667930558725, 'w_pos': 0.24941518297815027} because of the following error: The number of the values 1 did not match the number of the objectives 2.
[W 2025-07-11 07:54:38,011] Trial 357 failed with value inf.
[W 2025-07-11 07:54:43,381] Trial 362 failed with parameters: {'d_safe': 31.738894024617508, 'k_bubble': 116.97148626227431, 'C_collision': 779.4711065569999, 'k_pos': 0.08338173850319998, 'k_action': 0.08985652428785934, 'w_safe': 0.5175203195506921, 'w_pos': 0.10003376503690804} because of the following error: The number of the values 1 did not match the number of the objectives 2.
[W 2025-07-11 07:54:43,381] Trial 362 failed with value inf.
slurmstepd-s_004_m: error: common_file_write_uints: write value '4086701' to '/sys/fs/cgroup/cgroup.procs' failed: Device or resource busy
slurmstepd-s_004_m: error: Unable to move pid 4086701 to init root cgroup /sys/fs/cgroup
