[I 2025-07-11 07:40:33,779] Using an existing study with name 'IntruderAvoidance-CNN-Parallel' instead of creating a new one.
[W 2025-07-11 07:40:39,162] Trial 151 failed with parameters: {'d_safe': 14.126075717271735, 'k_bubble': 24.616692452996837, 'C_collision': 822.0939679091607, 'k_pos': 0.05590388513045272, 'k_action': 0.011725578849503298, 'w_safe': 0.7608280683864107, 'w_pos': 0.5402773601860865} because of the following error: The number of the values 1 did not match the number of the objectives 2.
[W 2025-07-11 07:40:39,163] Trial 151 failed with value inf.
[W 2025-07-11 07:40:44,514] Trial 152 failed with parameters: {'d_safe': 37.94671481494906, 'k_bubble': 41.71058404282019, 'C_collision': 1700.3048947561285, 'k_pos': 0.008436997631416176, 'k_action': 0.0018377553278056608, 'w_safe': 0.3308868007153035, 'w_pos': 0.8972557668984903} because of the following error: The number of the values 1 did not match the number of the objectives 2.
[W 2025-07-11 07:40:44,514] Trial 152 failed with value inf.
[W 2025-07-11 07:40:49,817] Trial 155 failed with parameters: {'d_safe': 31.756773852542196, 'k_bubble': 158.23249856038234, 'C_collision': 996.8607775868786, 'k_pos': 0.0035153944667383258, 'k_action': 0.004054029863870587, 'w_safe': 0.8478951393496467, 'w_pos': 0.5644721669261092} because of the following error: The number of the values 1 did not match the number of the objectives 2.
[W 2025-07-11 07:40:49,817] Trial 155 failed with value inf.
[W 2025-07-11 07:40:55,053] Trial 156 failed with parameters: {'d_safe': 25.27163335496077, 'k_bubble': 116.16348748520066, 'C_collision': 1349.4246508736662, 'k_pos': 0.00897163171127072, 'k_action': 0.055587394520595274, 'w_safe': 0.7249716161733417, 'w_pos': 0.7857685058938636} because of the following error: The number of the values 1 did not match the number of the objectives 2.
[W 2025-07-11 07:40:55,053] Trial 156 failed with value inf.
[W 2025-07-11 07:41:00,309] Trial 159 failed with parameters: {'d_safe': 24.063713622501147, 'k_bubble': 40.66143616272507, 'C_collision': 880.6415191958914, 'k_pos': 0.050846086252241296, 'k_action': 0.010229018361524797, 'w_safe': 0.10245582614837066, 'w_pos': 0.8567161685784981} because of the following error: The number of the values 1 did not match the number of the objectives 2.
[W 2025-07-11 07:41:00,309] Trial 159 failed with value inf.
[W 2025-07-11 07:41:05,681] Trial 161 failed with parameters: {'d_safe': 27.458254702152978, 'k_bubble': 168.16958177043793, 'C_collision': 1939.1418474653012, 'k_pos': 0.024024505144472626, 'k_action': 0.006147867234112879, 'w_safe': 0.31302047961839585, 'w_pos': 0.1971387040640593} because of the following error: The number of the values 1 did not match the number of the objectives 2.
[W 2025-07-11 07:41:05,681] Trial 161 failed with value inf.
[W 2025-07-11 07:41:10,877] Trial 163 failed with parameters: {'d_safe': 13.648406006614959, 'k_bubble': 165.61465752767708, 'C_collision': 1539.2307014702758, 'k_pos': 0.0019811748743994244, 'k_action': 0.0015308184033408605, 'w_safe': 0.14979350382009005, 'w_pos': 0.10012480257619157} because of the following error: The number of the values 1 did not match the number of the objectives 2.
[W 2025-07-11 07:41:10,877] Trial 163 failed with value inf.
[W 2025-07-11 07:41:16,510] Trial 164 failed with parameters: {'d_safe': 37.89822797915764, 'k_bubble': 167.9960125420558, 'C_collision': 1828.439848785943, 'k_pos': 0.057870791672229506, 'k_action': 0.001271952892214424, 'w_safe': 0.38530430096895285, 'w_pos': 0.7961840479716166} because of the following error: The number of the values 1 did not match the number of the objectives 2.
[W 2025-07-11 07:41:16,510] Trial 164 failed with value inf.
[W 2025-07-11 07:41:21,736] Trial 167 failed with parameters: {'d_safe': 14.902176753897448, 'k_bubble': 171.43939128534927, 'C_collision': 1276.6042849249593, 'k_pos': 0.04016176331119206, 'k_action': 0.002827182164057905, 'w_safe': 0.6431130689593273, 'w_pos': 0.2932977404452818} because of the following error: The number of the values 1 did not match the number of the objectives 2.
[W 2025-07-11 07:41:21,736] Trial 167 failed with value inf.
[W 2025-07-11 07:41:26,980] Trial 169 failed with parameters: {'d_safe': 10.074609943241802, 'k_bubble': 17.225460178761708, 'C_collision': 1028.5213317193104, 'k_pos': 0.010905509534091369, 'k_action': 0.0011393276655395814, 'w_safe': 0.2859367100443657, 'w_pos': 0.4628152887170448} because of the following error: The number of the values 1 did not match the number of the objectives 2.
[W 2025-07-11 07:41:26,980] Trial 169 failed with value inf.
slurmstepd-s_004_m: error: common_file_write_uints: write value '4084550' to '/sys/fs/cgroup/cgroup.procs' failed: Device or resource busy
slurmstepd-s_004_m: error: Unable to move pid 4084550 to init root cgroup /sys/fs/cgroup
