[I 2025-07-11 07:52:58,478] Using an existing study with name 'IntruderAvoidance-CNN-Parallel' instead of creating a new one.
[W 2025-07-11 07:53:04,333] Trial 274 failed with parameters: {'d_safe': 28.699310877189898, 'k_bubble': 19.613107701844875, 'C_collision': 1996.708105411819, 'k_pos': 0.05868241009347027, 'k_action': 0.0487057343275275, 'w_safe': 0.12068029264098179, 'w_pos': 0.8533628726111063} because of the following error: The number of the values 1 did not match the number of the objectives 2.
[W 2025-07-11 07:53:04,333] Trial 274 failed with value inf.
[W 2025-07-11 07:53:09,983] Trial 279 failed with parameters: {'d_safe': 22.23170029350087, 'k_bubble': 197.1525762545364, 'C_collision': 742.0447741255379, 'k_pos': 0.046030444396395656, 'k_action': 0.036860033560593426, 'w_safe': 0.6507476017694935, 'w_pos': 0.7633291713187338} because of the following error: The number of the values 1 did not match the number of the objectives 2.
[W 2025-07-11 07:53:09,983] Trial 279 failed with value inf.
[W 2025-07-11 07:53:15,654] Trial 284 failed with parameters: {'d_safe': 14.324767249100972, 'k_bubble': 123.52731589228283, 'C_collision': 945.1560366864223, 'k_pos': 0.024380040114444602, 'k_action': 0.027001676696619716, 'w_safe': 0.5239245741577108, 'w_pos': 0.30595543902080335} because of the following error: The number of the values 1 did not match the number of the objectives 2.
[W 2025-07-11 07:53:15,654] Trial 284 failed with value inf.
[W 2025-07-11 07:53:21,390] Trial 289 failed with parameters: {'d_safe': 21.776707925025896, 'k_bubble': 133.0223039620325, 'C_collision': 1612.888446978004, 'k_pos': 0.02182396510210624, 'k_action': 0.004374749462313792, 'w_safe': 0.7481258285017272, 'w_pos': 0.7005085231421156} because of the following error: The number of the values 1 did not match the number of the objectives 2.
[W 2025-07-11 07:53:21,390] Trial 289 failed with value inf.
[W 2025-07-11 07:53:27,148] Trial 294 failed with parameters: {'d_safe': 38.84704086468665, 'k_bubble': 14.789941558494744, 'C_collision': 1425.30931174235, 'k_pos': 0.0035293473034838305, 'k_action': 0.01129610832608546, 'w_safe': 0.3621581318498478, 'w_pos': 0.4519757363886564} because of the following error: The number of the values 1 did not match the number of the objectives 2.
[W 2025-07-11 07:53:27,148] Trial 294 failed with value inf.
[W 2025-07-11 07:53:32,849] Trial 299 failed with parameters: {'d_safe': 19.50257962096817, 'k_bubble': 47.52319579251576, 'C_collision': 1533.9894079607525, 'k_pos': 0.001862196306070456, 'k_action': 0.024925663051744235, 'w_safe': 0.10030045796622211, 'w_pos': 0.8857134997144512} because of the following error: The number of the values 1 did not match the number of the objectives 2.
[W 2025-07-11 07:53:32,849] Trial 299 failed with value inf.
[W 2025-07-11 07:53:38,620] Trial 304 failed with parameters: {'d_safe': 13.10504609650145, 'k_bubble': 99.73685851065969, 'C_collision': 656.6698923718815, 'k_pos': 0.04895370491700155, 'k_action': 0.01849955981109396, 'w_safe': 0.79252589741704, 'w_pos': 0.45891348256625164} because of the following error: The number of the values 1 did not match the number of the objectives 2.
[W 2025-07-11 07:53:38,620] Trial 304 failed with value inf.
[W 2025-07-11 07:53:44,449] Trial 309 failed with parameters: {'d_safe': 32.76322339480094, 'k_bubble': 180.82042902192583, 'C_collision': 570.8180671182301, 'k_pos': 0.037712834184674936, 'k_action': 0.008736290171973886, 'w_safe': 0.7216335677311568, 'w_pos': 0.8824552080203714} because of the following error: The number of the values 1 did not match the number of the objectives 2.
[W 2025-07-11 07:53:44,449] Trial 309 failed with value inf.
[W 2025-07-11 07:53:50,180] Trial 314 failed with parameters: {'d_safe': 17.273072091669412, 'k_bubble': 55.3225071313043, 'C_collision': 789.3892791680896, 'k_pos': 0.036162868642645334, 'k_action': 0.002695433638208415, 'w_safe': 0.5921758577009044, 'w_pos': 0.1764149289390801} because of the following error: The number of the values 1 did not match the number of the objectives 2.
[W 2025-07-11 07:53:50,180] Trial 314 failed with value inf.
[W 2025-07-11 07:53:55,877] Trial 319 failed with parameters: {'d_safe': 31.816852554411568, 'k_bubble': 39.17059346853095, 'C_collision': 865.0701566746086, 'k_pos': 0.004261048914198407, 'k_action': 0.007244642724909048, 'w_safe': 0.6416637284521278, 'w_pos': 0.7166354725013491} because of the following error: The number of the values 1 did not match the number of the objectives 2.
[W 2025-07-11 07:53:55,877] Trial 319 failed with value inf.
slurmstepd-s_004_m: error: common_file_write_uints: write value '4086249' to '/sys/fs/cgroup/cgroup.procs' failed: Device or resource busy
slurmstepd-s_004_m: error: Unable to move pid 4086249 to init root cgroup /sys/fs/cgroup
