[I 2025-07-11 07:51:59,346] Using an existing study with name 'IntruderAvoidance-CNN-Parallel' instead of creating a new one.
[W 2025-07-11 07:52:05,328] Trial 223 failed with parameters: {'d_safe': 21.02374695121994, 'k_bubble': 20.92827739302468, 'C_collision': 1703.0873596291456, 'k_pos': 0.048788741810203685, 'k_action': 0.0915814912075504, 'w_safe': 0.30505602110194796, 'w_pos': 0.1755963263972837} because of the following error: The number of the values 1 did not match the number of the objectives 2.
[W 2025-07-11 07:52:05,329] Trial 223 failed with value inf.
[W 2025-07-11 07:52:11,126] Trial 228 failed with parameters: {'d_safe': 10.03978621453543, 'k_bubble': 121.85424213540647, 'C_collision': 1156.2163635142479, 'k_pos': 0.0036376892872774275, 'k_action': 0.05382781873063734, 'w_safe': 0.7404492150483555, 'w_pos': 0.14047377218291077} because of the following error: The number of the values 1 did not match the number of the objectives 2.
[W 2025-07-11 07:52:11,126] Trial 228 failed with value inf.
[W 2025-07-11 07:52:17,049] Trial 232 failed with parameters: {'d_safe': 23.34722907910558, 'k_bubble': 113.03555894225782, 'C_collision': 847.3541315787745, 'k_pos': 0.0010209464410938784, 'k_action': 0.02183100774654741, 'w_safe': 0.7927971394886477, 'w_pos': 0.7930891723675098} because of the following error: The number of the values 1 did not match the number of the objectives 2.
[W 2025-07-11 07:52:17,049] Trial 232 failed with value inf.
[W 2025-07-11 07:52:23,055] Trial 237 failed with parameters: {'d_safe': 33.30304094850469, 'k_bubble': 151.9173139366035, 'C_collision': 1010.7057242726889, 'k_pos': 0.07867885096420517, 'k_action': 0.0089098965258443, 'w_safe': 0.6283440943320483, 'w_pos': 0.4935458878368528} because of the following error: The number of the values 1 did not match the number of the objectives 2.
[W 2025-07-11 07:52:23,055] Trial 237 failed with value inf.
[W 2025-07-11 07:52:28,913] Trial 242 failed with parameters: {'d_safe': 31.816282031817018, 'k_bubble': 171.7647025492935, 'C_collision': 1589.6891842323116, 'k_pos': 0.0015192509612530296, 'k_action': 0.04372798735538204, 'w_safe': 0.8664065153774734, 'w_pos': 0.8294657575793943} because of the following error: The number of the values 1 did not match the number of the objectives 2.
[W 2025-07-11 07:52:28,913] Trial 242 failed with value inf.
[W 2025-07-11 07:52:34,470] Trial 247 failed with parameters: {'d_safe': 21.513878809971892, 'k_bubble': 135.08907774271725, 'C_collision': 1937.758901854821, 'k_pos': 0.009342701746000144, 'k_action': 0.003668848311892487, 'w_safe': 0.49555254287462824, 'w_pos': 0.804246086157624} because of the following error: The number of the values 1 did not match the number of the objectives 2.
[W 2025-07-11 07:52:34,470] Trial 247 failed with value inf.
[W 2025-07-11 07:52:40,180] Trial 252 failed with parameters: {'d_safe': 10.335538335296514, 'k_bubble': 46.04824363976126, 'C_collision': 949.1334553045842, 'k_pos': 0.0019102685644831554, 'k_action': 0.0022929993729505155, 'w_safe': 0.4390344693913387, 'w_pos': 0.7988425046848382} because of the following error: The number of the values 1 did not match the number of the objectives 2.
[W 2025-07-11 07:52:40,180] Trial 252 failed with value inf.
[W 2025-07-11 07:52:45,664] Trial 257 failed with parameters: {'d_safe': 29.94784934764379, 'k_bubble': 121.0625985379609, 'C_collision': 1068.4412760951186, 'k_pos': 0.027347001560814977, 'k_action': 0.006211108447405575, 'w_safe': 0.4110049953830053, 'w_pos': 0.33479085904069006} because of the following error: The number of the values 1 did not match the number of the objectives 2.
[W 2025-07-11 07:52:45,664] Trial 257 failed with value inf.
[W 2025-07-11 07:52:51,148] Trial 262 failed with parameters: {'d_safe': 11.733402395213297, 'k_bubble': 179.2371422008318, 'C_collision': 1221.5266720036502, 'k_pos': 0.021022401329108438, 'k_action': 0.01135867598527762, 'w_safe': 0.3785455889791943, 'w_pos': 0.6679119732619794} because of the following error: The number of the values 1 did not match the number of the objectives 2.
[W 2025-07-11 07:52:51,148] Trial 262 failed with value inf.
[W 2025-07-11 07:52:56,636] Trial 267 failed with parameters: {'d_safe': 17.15844988390816, 'k_bubble': 176.6468988880403, 'C_collision': 1105.7474381313077, 'k_pos': 0.018680052080270886, 'k_action': 0.0064910816933442415, 'w_safe': 0.5020672971845326, 'w_pos': 0.20891917086825781} because of the following error: The number of the values 1 did not match the number of the objectives 2.
[W 2025-07-11 07:52:56,636] Trial 267 failed with value inf.
slurmstepd-s_004_m: error: common_file_write_uints: write value '4085621' to '/sys/fs/cgroup/cgroup.procs' failed: Device or resource busy
slurmstepd-s_004_m: error: Unable to move pid 4085621 to init root cgroup /sys/fs/cgroup
