[I 2025-07-11 07:51:59,314] Using an existing study with name 'IntruderAvoidance-CNN-Parallel' instead of creating a new one.
[W 2025-07-11 07:52:05,243] Trial 222 failed with parameters: {'d_safe': 31.848068679279546, 'k_bubble': 74.9927040717631, 'C_collision': 1046.366516169484, 'k_pos': 0.01654873664568189, 'k_action': 0.06832561351051374, 'w_safe': 0.15680924686732034, 'w_pos': 0.1641215494728715} because of the following error: The number of the values 1 did not match the number of the objectives 2.
[W 2025-07-11 07:52:05,243] Trial 222 failed with value inf.
[W 2025-07-11 07:52:10,731] Trial 226 failed with parameters: {'d_safe': 11.158043293585948, 'k_bubble': 125.80567604690685, 'C_collision': 657.4782942545405, 'k_pos': 0.008894241660071042, 'k_action': 0.0012986563408911933, 'w_safe': 0.28781083478280056, 'w_pos': 0.17254893188538728} because of the following error: The number of the values 1 did not match the number of the objectives 2.
[W 2025-07-11 07:52:10,731] Trial 226 failed with value inf.
[W 2025-07-11 07:52:16,137] Trial 231 failed with parameters: {'d_safe': 10.708926344102075, 'k_bubble': 45.75703557521275, 'C_collision': 1424.918491268322, 'k_pos': 0.0033243973318166954, 'k_action': 0.06722474737952998, 'w_safe': 0.3601211223929407, 'w_pos': 0.8398240530538599} because of the following error: The number of the values 1 did not match the number of the objectives 2.
[W 2025-07-11 07:52:16,137] Trial 231 failed with value inf.
[W 2025-07-11 07:52:21,823] Trial 236 failed with parameters: {'d_safe': 28.187591855499548, 'k_bubble': 25.972115063609383, 'C_collision': 1773.8572321362126, 'k_pos': 0.0023800608568971377, 'k_action': 0.012464939431948584, 'w_safe': 0.30531124020591377, 'w_pos': 0.10883242456746772} because of the following error: The number of the values 1 did not match the number of the objectives 2.
[W 2025-07-11 07:52:21,823] Trial 236 failed with value inf.
[W 2025-07-11 07:52:27,472] Trial 241 failed with parameters: {'d_safe': 38.050496309920256, 'k_bubble': 80.56566098843126, 'C_collision': 1080.8794553336957, 'k_pos': 0.00479881354103894, 'k_action': 0.0011729234695751173, 'w_safe': 0.17403295161778534, 'w_pos': 0.21048354164248712} because of the following error: The number of the values 1 did not match the number of the objectives 2.
[W 2025-07-11 07:52:27,472] Trial 241 failed with value inf.
[W 2025-07-11 07:52:32,878] Trial 246 failed with parameters: {'d_safe': 39.173771025030206, 'k_bubble': 80.16802277806745, 'C_collision': 1694.5127392801287, 'k_pos': 0.03178372969701572, 'k_action': 0.0014178852886417939, 'w_safe': 0.7382875102714803, 'w_pos': 0.34204673801320207} because of the following error: The number of the values 1 did not match the number of the objectives 2.
[W 2025-07-11 07:52:32,878] Trial 246 failed with value inf.
[W 2025-07-11 07:52:38,295] Trial 251 failed with parameters: {'d_safe': 36.76983897305861, 'k_bubble': 49.819422945218, 'C_collision': 834.8199561531912, 'k_pos': 0.01334018727627169, 'k_action': 0.0034117932843463214, 'w_safe': 0.18217007498109272, 'w_pos': 0.16246603208695953} because of the following error: The number of the values 1 did not match the number of the objectives 2.
[W 2025-07-11 07:52:38,295] Trial 251 failed with value inf.
[W 2025-07-11 07:52:43,656] Trial 256 failed with parameters: {'d_safe': 19.012092077352925, 'k_bubble': 101.00125359614646, 'C_collision': 821.9280076859279, 'k_pos': 0.004384240719993083, 'k_action': 0.02147127954032607, 'w_safe': 0.6879317510509723, 'w_pos': 0.5821087039847906} because of the following error: The number of the values 1 did not match the number of the objectives 2.
[W 2025-07-11 07:52:43,657] Trial 256 failed with value inf.
[W 2025-07-11 07:52:48,903] Trial 261 failed with parameters: {'d_safe': 18.27701703638499, 'k_bubble': 61.12124862114664, 'C_collision': 1007.0003421202102, 'k_pos': 0.001782466395771771, 'k_action': 0.03812645044524209, 'w_safe': 0.13923465755940223, 'w_pos': 0.7665811643595867} because of the following error: The number of the values 1 did not match the number of the objectives 2.
[W 2025-07-11 07:52:48,903] Trial 261 failed with value inf.
[W 2025-07-11 07:52:54,252] Trial 266 failed with parameters: {'d_safe': 15.774919157929283, 'k_bubble': 117.96074980099297, 'C_collision': 1502.1814506553978, 'k_pos': 0.061751060360442346, 'k_action': 0.0014459871895012408, 'w_safe': 0.32773940469525975, 'w_pos': 0.2897359198759417} because of the following error: The number of the values 1 did not match the number of the objectives 2.
[W 2025-07-11 07:52:54,252] Trial 266 failed with value inf.
slurmstepd-s_004_m: error: common_file_write_uints: write value '4085595' to '/sys/fs/cgroup/cgroup.procs' failed: Device or resource busy
slurmstepd-s_004_m: error: Unable to move pid 4085595 to init root cgroup /sys/fs/cgroup
