[I 2025-07-11 07:38:38,862] Using an existing study with name 'IntruderAvoidance-CNN-Parallel' instead of creating a new one.
[W 2025-07-11 07:38:44,335] Trial 50 failed with parameters: {'d_safe': 21.380983192193774, 'k_bubble': 138.23744911231665, 'C_collision': 1215.8139177169319, 'k_pos': 0.015116342057957548, 'k_action': 0.031354714080459534, 'w_safe': 0.6369939984492745, 'w_pos': 0.5785573040563088} because of the following error: The number of the values 1 did not match the number of the objectives 2.
[W 2025-07-11 07:38:44,335] Trial 50 failed with value inf.
[W 2025-07-11 07:38:49,859] Trial 55 failed with parameters: {'d_safe': 29.594368985522916, 'k_bubble': 74.26823054465399, 'C_collision': 1501.886986443427, 'k_pos': 0.00105251237415751, 'k_action': 0.017426527327153357, 'w_safe': 0.49753899750766684, 'w_pos': 0.2447710464736267} because of the following error: The number of the values 1 did not match the number of the objectives 2.
[W 2025-07-11 07:38:49,859] Trial 55 failed with value inf.
[W 2025-07-11 07:38:55,501] Trial 60 failed with parameters: {'d_safe': 24.80766712204501, 'k_bubble': 95.84927740321041, 'C_collision': 1050.7531501079654, 'k_pos': 0.07188197598598413, 'k_action': 0.001032607123104258, 'w_safe': 0.29859615012198876, 'w_pos': 0.4311249692032967} because of the following error: The number of the values 1 did not match the number of the objectives 2.
[W 2025-07-11 07:38:55,501] Trial 60 failed with value inf.
[W 2025-07-11 07:39:00,981] Trial 65 failed with parameters: {'d_safe': 22.633262777373595, 'k_bubble': 60.76888417526241, 'C_collision': 1848.3919210480487, 'k_pos': 0.013984284282270654, 'k_action': 0.001632211792622115, 'w_safe': 0.37157295807619994, 'w_pos': 0.1219348880728858} because of the following error: The number of the values 1 did not match the number of the objectives 2.
[W 2025-07-11 07:39:00,981] Trial 65 failed with value inf.
[W 2025-07-11 07:39:06,725] Trial 70 failed with parameters: {'d_safe': 28.752941215241346, 'k_bubble': 96.9515677279217, 'C_collision': 827.7225645828362, 'k_pos': 0.022050184617071575, 'k_action': 0.056961519384413364, 'w_safe': 0.2457371873450198, 'w_pos': 0.31346821192451674} because of the following error: The number of the values 1 did not match the number of the objectives 2.
[W 2025-07-11 07:39:06,725] Trial 70 failed with value inf.
[W 2025-07-11 07:39:12,599] Trial 75 failed with parameters: {'d_safe': 35.011311409878545, 'k_bubble': 126.30031921716615, 'C_collision': 967.6495400312392, 'k_pos': 0.0010129248250441065, 'k_action': 0.0122421761210381, 'w_safe': 0.5047767065770471, 'w_pos': 0.3967494631235613} because of the following error: The number of the values 1 did not match the number of the objectives 2.
[W 2025-07-11 07:39:12,599] Trial 75 failed with value inf.
[W 2025-07-11 07:39:18,502] Trial 81 failed with parameters: {'d_safe': 12.783669904137978, 'k_bubble': 81.79222655743561, 'C_collision': 1872.4941056609614, 'k_pos': 0.003597445199041169, 'k_action': 0.04573223967240134, 'w_safe': 0.1749818755588904, 'w_pos': 0.8672419055227556} because of the following error: The number of the values 1 did not match the number of the objectives 2.
[W 2025-07-11 07:39:18,502] Trial 81 failed with value inf.
[W 2025-07-11 07:39:24,137] Trial 85 failed with parameters: {'d_safe': 13.872822086491748, 'k_bubble': 95.99774822820069, 'C_collision': 615.8414558292245, 'k_pos': 0.04595648406622728, 'k_action': 0.010171726879477457, 'w_safe': 0.7165947481687869, 'w_pos': 0.48345386513795974} because of the following error: The number of the values 1 did not match the number of the objectives 2.
[W 2025-07-11 07:39:24,137] Trial 85 failed with value inf.
[W 2025-07-11 07:39:29,933] Trial 90 failed with parameters: {'d_safe': 22.16349138627922, 'k_bubble': 195.30358209702092, 'C_collision': 1333.0558921190245, 'k_pos': 0.00912220393250687, 'k_action': 0.004090258702934883, 'w_safe': 0.8611150171008403, 'w_pos': 0.19525992134980072} because of the following error: The number of the values 1 did not match the number of the objectives 2.
[W 2025-07-11 07:39:29,933] Trial 90 failed with value inf.
[W 2025-07-11 07:39:35,529] Trial 95 failed with parameters: {'d_safe': 15.947894219065086, 'k_bubble': 83.33134454822718, 'C_collision': 1295.7723135436454, 'k_pos': 0.002052040725693038, 'k_action': 0.005840714444162974, 'w_safe': 0.13034951491551655, 'w_pos': 0.44392627259912765} because of the following error: The number of the values 1 did not match the number of the objectives 2.
[W 2025-07-11 07:39:35,529] Trial 95 failed with value inf.
slurmstepd-s_004_m: error: common_file_write_uints: write value '4083290' to '/sys/fs/cgroup/cgroup.procs' failed: Device or resource busy
slurmstepd-s_004_m: error: Unable to move pid 4083290 to init root cgroup /sys/fs/cgroup
