[I 2025-07-11 07:39:39,519] Using an existing study with name 'IntruderAvoidance-CNN-Parallel' instead of creating a new one.
[W 2025-07-11 07:39:45,177] Trial 102 failed with parameters: {'d_safe': 24.043315709763966, 'k_bubble': 155.5803499894797, 'C_collision': 603.2757884183524, 'k_pos': 0.006945357061920814, 'k_action': 0.004010588843920079, 'w_safe': 0.47045364230118103, 'w_pos': 0.5209376631305103} because of the following error: The number of the values 1 did not match the number of the objectives 2.
[W 2025-07-11 07:39:45,177] Trial 102 failed with value inf.
[W 2025-07-11 07:39:50,770] Trial 107 failed with parameters: {'d_safe': 15.273176564900842, 'k_bubble': 194.0938775963662, 'C_collision': 1906.4981935720934, 'k_pos': 0.0032577348908531894, 'k_action': 0.001167392833304887, 'w_safe': 0.5390824909723333, 'w_pos': 0.21934439610055254} because of the following error: The number of the values 1 did not match the number of the objectives 2.
[W 2025-07-11 07:39:50,770] Trial 107 failed with value inf.
[W 2025-07-11 07:39:56,585] Trial 112 failed with parameters: {'d_safe': 16.101513451351327, 'k_bubble': 101.81571258247608, 'C_collision': 1454.1694719756822, 'k_pos': 0.003306838345831049, 'k_action': 0.003318603084247616, 'w_safe': 0.18614073223478417, 'w_pos': 0.286679035518584} because of the following error: The number of the values 1 did not match the number of the objectives 2.
[W 2025-07-11 07:39:56,585] Trial 112 failed with value inf.
[W 2025-07-11 07:40:02,287] Trial 117 failed with parameters: {'d_safe': 27.87355471737864, 'k_bubble': 32.77359836977304, 'C_collision': 1061.7229887452568, 'k_pos': 0.07279290379721917, 'k_action': 0.011550532676769866, 'w_safe': 0.16831416936776628, 'w_pos': 0.25635381258458434} because of the following error: The number of the values 1 did not match the number of the objectives 2.
[W 2025-07-11 07:40:02,287] Trial 117 failed with value inf.
[W 2025-07-11 07:40:07,844] Trial 122 failed with parameters: {'d_safe': 25.37951133321331, 'k_bubble': 160.9152478649689, 'C_collision': 1682.5170754768826, 'k_pos': 0.09936373547779566, 'k_action': 0.03535183263367334, 'w_safe': 0.30603945739570226, 'w_pos': 0.812743672729851} because of the following error: The number of the values 1 did not match the number of the objectives 2.
[W 2025-07-11 07:40:07,844] Trial 122 failed with value inf.
[W 2025-07-11 07:40:13,501] Trial 127 failed with parameters: {'d_safe': 34.20629118315692, 'k_bubble': 140.7475106700158, 'C_collision': 1159.1740172559416, 'k_pos': 0.015018354853039415, 'k_action': 0.01137942101562836, 'w_safe': 0.7234080218731612, 'w_pos': 0.48094296305021933} because of the following error: The number of the values 1 did not match the number of the objectives 2.
[W 2025-07-11 07:40:13,501] Trial 127 failed with value inf.
[W 2025-07-11 07:40:19,288] Trial 132 failed with parameters: {'d_safe': 10.720922370014485, 'k_bubble': 57.418702900071814, 'C_collision': 1763.3651793093195, 'k_pos': 0.03887974886666221, 'k_action': 0.011765585863502133, 'w_safe': 0.7096908931297718, 'w_pos': 0.21599438478803884} because of the following error: The number of the values 1 did not match the number of the objectives 2.
[W 2025-07-11 07:40:19,288] Trial 132 failed with value inf.
[W 2025-07-11 07:40:24,914] Trial 137 failed with parameters: {'d_safe': 19.70505401419953, 'k_bubble': 51.394311710420304, 'C_collision': 1798.6404100117036, 'k_pos': 0.003914846562221782, 'k_action': 0.01635880828917021, 'w_safe': 0.5083451437098704, 'w_pos': 0.5729995904618893} because of the following error: The number of the values 1 did not match the number of the objectives 2.
[W 2025-07-11 07:40:24,914] Trial 137 failed with value inf.
[W 2025-07-11 07:40:30,427] Trial 142 failed with parameters: {'d_safe': 28.2345532429368, 'k_bubble': 100.92552943613353, 'C_collision': 888.2729420948403, 'k_pos': 0.019664545794866324, 'k_action': 0.04424180806821236, 'w_safe': 0.44858647250351225, 'w_pos': 0.48105706735849185} because of the following error: The number of the values 1 did not match the number of the objectives 2.
[W 2025-07-11 07:40:30,428] Trial 142 failed with value inf.
[W 2025-07-11 07:40:35,958] Trial 147 failed with parameters: {'d_safe': 27.461383672532378, 'k_bubble': 178.53538651560947, 'C_collision': 550.4093751751149, 'k_pos': 0.02055288832729354, 'k_action': 0.005039913802339258, 'w_safe': 0.6399451909322724, 'w_pos': 0.48132039691367723} because of the following error: The number of the values 1 did not match the number of the objectives 2.
[W 2025-07-11 07:40:35,958] Trial 147 failed with value inf.
slurmstepd-s_004_m: error: common_file_write_uints: write value '4084015' to '/sys/fs/cgroup/cgroup.procs' failed: Device or resource busy
slurmstepd-s_004_m: error: Unable to move pid 4084015 to init root cgroup /sys/fs/cgroup
