[I 2025-07-11 07:38:41,119] Using an existing study with name 'IntruderAvoidance-CNN-Parallel' instead of creating a new one.
[W 2025-07-11 07:38:46,820] Trial 52 failed with parameters: {'d_safe': 35.75662096608082, 'k_bubble': 150.32104127157615, 'C_collision': 1016.6368688676864, 'k_pos': 0.0012363830617118112, 'k_action': 0.03840083238660447, 'w_safe': 0.7344386784689964, 'w_pos': 0.396127090775907} because of the following error: The number of the values 1 did not match the number of the objectives 2.
[W 2025-07-11 07:38:46,820] Trial 52 failed with value inf.
[W 2025-07-11 07:38:52,691] Trial 57 failed with parameters: {'d_safe': 11.556941363656094, 'k_bubble': 91.58886735979797, 'C_collision': 1443.0294416522474, 'k_pos': 0.022210589699924784, 'k_action': 0.0034218550000342856, 'w_safe': 0.2871104551491941, 'w_pos': 0.40337805895110923} because of the following error: The number of the values 1 did not match the number of the objectives 2.
[W 2025-07-11 07:38:52,691] Trial 57 failed with value inf.
[W 2025-07-11 07:38:58,346] Trial 62 failed with parameters: {'d_safe': 25.213922467597776, 'k_bubble': 25.578362955788037, 'C_collision': 1934.7579132591134, 'k_pos': 0.020428727140524114, 'k_action': 0.0013687399514260468, 'w_safe': 0.2049981153749698, 'w_pos': 0.4435948194425141} because of the following error: The number of the values 1 did not match the number of the objectives 2.
[W 2025-07-11 07:38:58,346] Trial 62 failed with value inf.
[W 2025-07-11 07:39:04,038] Trial 67 failed with parameters: {'d_safe': 15.144753755803945, 'k_bubble': 43.09847223916446, 'C_collision': 1683.6444379744632, 'k_pos': 0.009036676199520234, 'k_action': 0.03227908638140691, 'w_safe': 0.2384904881811795, 'w_pos': 0.3077855559049847} because of the following error: The number of the values 1 did not match the number of the objectives 2.
[W 2025-07-11 07:39:04,038] Trial 67 failed with value inf.
[W 2025-07-11 07:39:09,771] Trial 72 failed with parameters: {'d_safe': 29.33251552411036, 'k_bubble': 153.95078259830476, 'C_collision': 575.1784487612395, 'k_pos': 0.005642187266706723, 'k_action': 0.03559955350661852, 'w_safe': 0.1819764411248082, 'w_pos': 0.8085794058079199} because of the following error: The number of the values 1 did not match the number of the objectives 2.
[W 2025-07-11 07:39:09,771] Trial 72 failed with value inf.
[W 2025-07-11 07:39:15,591] Trial 77 failed with parameters: {'d_safe': 20.698800177823582, 'k_bubble': 113.83637345112182, 'C_collision': 500.27352422799953, 'k_pos': 0.004415944769897953, 'k_action': 0.021838657355815434, 'w_safe': 0.44907240789175507, 'w_pos': 0.7071185510375964} because of the following error: The number of the values 1 did not match the number of the objectives 2.
[W 2025-07-11 07:39:15,591] Trial 77 failed with value inf.
[W 2025-07-11 07:39:21,329] Trial 82 failed with parameters: {'d_safe': 17.83649004260041, 'k_bubble': 135.54644672514974, 'C_collision': 1860.9631980630577, 'k_pos': 0.01661693471187756, 'k_action': 0.008379679542285468, 'w_safe': 0.2862706816511029, 'w_pos': 0.209765651572652} because of the following error: The number of the values 1 did not match the number of the objectives 2.
[W 2025-07-11 07:39:21,330] Trial 82 failed with value inf.
[W 2025-07-11 07:39:27,024] Trial 87 failed with parameters: {'d_safe': 10.240102354010588, 'k_bubble': 130.7054577092415, 'C_collision': 1911.5686517195556, 'k_pos': 0.0014606155151312015, 'k_action': 0.08586053536400216, 'w_safe': 0.11086753084338304, 'w_pos': 0.6774258872068138} because of the following error: The number of the values 1 did not match the number of the objectives 2.
[W 2025-07-11 07:39:27,024] Trial 87 failed with value inf.
[W 2025-07-11 07:39:32,905] Trial 92 failed with parameters: {'d_safe': 25.86944456250587, 'k_bubble': 102.0867282975685, 'C_collision': 1194.6215241458613, 'k_pos': 0.011271234919383028, 'k_action': 0.0026154097471219493, 'w_safe': 0.26894046778843406, 'w_pos': 0.41142711296533396} because of the following error: The number of the values 1 did not match the number of the objectives 2.
[W 2025-07-11 07:39:32,905] Trial 92 failed with value inf.
[W 2025-07-11 07:39:38,556] Trial 97 failed with parameters: {'d_safe': 13.430089733474533, 'k_bubble': 183.00175499609924, 'C_collision': 1389.6913518629788, 'k_pos': 0.014227526629482854, 'k_action': 0.008570068511370729, 'w_safe': 0.441887280060965, 'w_pos': 0.20489497251292726} because of the following error: The number of the values 1 did not match the number of the objectives 2.
[W 2025-07-11 07:39:38,556] Trial 97 failed with value inf.
slurmstepd-s_004_m: error: common_file_write_uints: write value '4083395' to '/sys/fs/cgroup/cgroup.procs' failed: Device or resource busy
slurmstepd-s_004_m: error: Unable to move pid 4083395 to init root cgroup /sys/fs/cgroup
