[I 2025-07-11 07:53:56,976] Using an existing study with name 'IntruderAvoidance-CNN-Parallel' instead of creating a new one.
[W 2025-07-11 07:54:02,766] Trial 326 failed with parameters: {'d_safe': 28.51550314220112, 'k_bubble': 144.0673561862675, 'C_collision': 1025.1203505359895, 'k_pos': 0.0030159272435661727, 'k_action': 0.010617177772677141, 'w_safe': 0.8566633160458478, 'w_pos': 0.49116030311059} because of the following error: The number of the values 1 did not match the number of the objectives 2.
[W 2025-07-11 07:54:02,766] Trial 326 failed with value inf.
[W 2025-07-11 07:54:08,603] Trial 331 failed with parameters: {'d_safe': 16.811223476353785, 'k_bubble': 129.989793753801, 'C_collision': 1019.8949764602118, 'k_pos': 0.0021180804016491966, 'k_action': 0.007589316240943522, 'w_safe': 0.546359196502887, 'w_pos': 0.5729678746035017} because of the following error: The number of the values 1 did not match the number of the objectives 2.
[W 2025-07-11 07:54:08,603] Trial 331 failed with value inf.
[W 2025-07-11 07:54:14,242] Trial 336 failed with parameters: {'d_safe': 27.199050701523486, 'k_bubble': 38.798925872463414, 'C_collision': 1116.718320916012, 'k_pos': 0.0014508379454871135, 'k_action': 0.08268913457056697, 'w_safe': 0.3623328300554589, 'w_pos': 0.6224813225783282} because of the following error: The number of the values 1 did not match the number of the objectives 2.
[W 2025-07-11 07:54:14,242] Trial 336 failed with value inf.
[W 2025-07-11 07:54:19,946] Trial 341 failed with parameters: {'d_safe': 36.439997863473096, 'k_bubble': 46.52416038514003, 'C_collision': 1216.1268223536104, 'k_pos': 0.008513798242734346, 'k_action': 0.08156077708986775, 'w_safe': 0.24059798146140876, 'w_pos': 0.40867933355504904} because of the following error: The number of the values 1 did not match the number of the objectives 2.
[W 2025-07-11 07:54:19,946] Trial 341 failed with value inf.
[W 2025-07-11 07:54:25,635] Trial 346 failed with parameters: {'d_safe': 15.443082232538877, 'k_bubble': 183.43978368514183, 'C_collision': 1869.5497699371472, 'k_pos': 0.0012149903073455383, 'k_action': 0.0014134754213131866, 'w_safe': 0.6633247925673968, 'w_pos': 0.526905780155639} because of the following error: The number of the values 1 did not match the number of the objectives 2.
[W 2025-07-11 07:54:25,635] Trial 346 failed with value inf.
[W 2025-07-11 07:54:31,329] Trial 351 failed with parameters: {'d_safe': 15.14234849867131, 'k_bubble': 158.2876189631429, 'C_collision': 1969.816280447819, 'k_pos': 0.02201918744079018, 'k_action': 0.004500436307005321, 'w_safe': 0.1902436236524551, 'w_pos': 0.487442107687997} because of the following error: The number of the values 1 did not match the number of the objectives 2.
[W 2025-07-11 07:54:31,330] Trial 351 failed with value inf.
[W 2025-07-11 07:54:37,009] Trial 356 failed with parameters: {'d_safe': 39.279214812831256, 'k_bubble': 90.74110128812104, 'C_collision': 1418.754011890196, 'k_pos': 0.0011217801065563108, 'k_action': 0.08977853608738384, 'w_safe': 0.8544046917351095, 'w_pos': 0.34730824276039185} because of the following error: The number of the values 1 did not match the number of the objectives 2.
[W 2025-07-11 07:54:37,009] Trial 356 failed with value inf.
[W 2025-07-11 07:54:42,575] Trial 361 failed with parameters: {'d_safe': 20.378901071419865, 'k_bubble': 164.96424505420512, 'C_collision': 571.1080526216189, 'k_pos': 0.0037410674885623735, 'k_action': 0.0022545077844208757, 'w_safe': 0.42038697646380807, 'w_pos': 0.14022577872734354} because of the following error: The number of the values 1 did not match the number of the objectives 2.
[W 2025-07-11 07:54:42,576] Trial 361 failed with value inf.
[W 2025-07-11 07:54:48,058] Trial 366 failed with parameters: {'d_safe': 33.195118895281446, 'k_bubble': 171.1178746197704, 'C_collision': 1216.8722682250987, 'k_pos': 0.06336178343835114, 'k_action': 0.0017090595281831222, 'w_safe': 0.21093305714660657, 'w_pos': 0.6428521777377105} because of the following error: The number of the values 1 did not match the number of the objectives 2.
[W 2025-07-11 07:54:48,058] Trial 366 failed with value inf.
[W 2025-07-11 07:54:53,447] Trial 369 failed with parameters: {'d_safe': 34.67967905711946, 'k_bubble': 160.56370276560125, 'C_collision': 781.8186477468445, 'k_pos': 0.03329117269094814, 'k_action': 0.0031997885692056117, 'w_safe': 0.37670830351181317, 'w_pos': 0.28644058824073093} because of the following error: The number of the values 1 did not match the number of the objectives 2.
[W 2025-07-11 07:54:53,447] Trial 369 failed with value inf.
slurmstepd-s_004_m: error: common_file_write_uints: write value '4086912' to '/sys/fs/cgroup/cgroup.procs' failed: Device or resource busy
slurmstepd-s_004_m: error: Unable to move pid 4086912 to init root cgroup /sys/fs/cgroup
