[I 2025-07-11 07:53:55,744] Using an existing study with name 'IntruderAvoidance-CNN-Parallel' instead of creating a new one.
[W 2025-07-11 07:54:01,503] Trial 323 failed with parameters: {'d_safe': 26.774741976898305, 'k_bubble': 123.75096471723977, 'C_collision': 1810.9473488260835, 'k_pos': 0.0038049735111100004, 'k_action': 0.001456544399114229, 'w_safe': 0.49595785973820916, 'w_pos': 0.5348691694946897} because of the following error: The number of the values 1 did not match the number of the objectives 2.
[W 2025-07-11 07:54:01,503] Trial 323 failed with value inf.
[W 2025-07-11 07:54:07,813] Trial 328 failed with parameters: {'d_safe': 22.771734855093722, 'k_bubble': 124.74724753557871, 'C_collision': 613.8458544588609, 'k_pos': 0.0012992394242988792, 'k_action': 0.03751526644011621, 'w_safe': 0.15313702156119968, 'w_pos': 0.13069130353349756} because of the following error: The number of the values 1 did not match the number of the objectives 2.
[W 2025-07-11 07:54:07,813] Trial 328 failed with value inf.
[W 2025-07-11 07:54:13,503] Trial 334 failed with parameters: {'d_safe': 15.756231335993464, 'k_bubble': 67.36239934075358, 'C_collision': 1275.9969242406905, 'k_pos': 0.001222262270841443, 'k_action': 0.03124277313780335, 'w_safe': 0.6465829404528579, 'w_pos': 0.79784546231716} because of the following error: The number of the values 1 did not match the number of the objectives 2.
[W 2025-07-11 07:54:13,503] Trial 334 failed with value inf.
[W 2025-07-11 07:54:19,125] Trial 339 failed with parameters: {'d_safe': 15.957020807267979, 'k_bubble': 105.50687197234738, 'C_collision': 679.1516369859294, 'k_pos': 0.019179687122891413, 'k_action': 0.0020983972530338357, 'w_safe': 0.341331282153465, 'w_pos': 0.5104851036991914} because of the following error: The number of the values 1 did not match the number of the objectives 2.
[W 2025-07-11 07:54:19,126] Trial 339 failed with value inf.
[W 2025-07-11 07:54:24,639] Trial 344 failed with parameters: {'d_safe': 32.1833719931804, 'k_bubble': 73.47086191812829, 'C_collision': 962.7032063974772, 'k_pos': 0.006641490517179098, 'k_action': 0.0011045115471030938, 'w_safe': 0.5821927587062509, 'w_pos': 0.8835452375817975} because of the following error: The number of the values 1 did not match the number of the objectives 2.
[W 2025-07-11 07:54:24,639] Trial 344 failed with value inf.
[W 2025-07-11 07:54:30,150] Trial 349 failed with parameters: {'d_safe': 17.217413247996674, 'k_bubble': 176.56523139559116, 'C_collision': 1644.2622904700577, 'k_pos': 0.0039382182029669074, 'k_action': 0.08022750131825865, 'w_safe': 0.3141662065225852, 'w_pos': 0.3804880102362205} because of the following error: The number of the values 1 did not match the number of the objectives 2.
[W 2025-07-11 07:54:30,150] Trial 349 failed with value inf.
[W 2025-07-11 07:54:35,787] Trial 354 failed with parameters: {'d_safe': 21.463386565964427, 'k_bubble': 68.00974526825829, 'C_collision': 1641.876340540851, 'k_pos': 0.0337331087356706, 'k_action': 0.00452373115412459, 'w_safe': 0.1452096094786736, 'w_pos': 0.5916395990151199} because of the following error: The number of the values 1 did not match the number of the objectives 2.
[W 2025-07-11 07:54:35,787] Trial 354 failed with value inf.
[W 2025-07-11 07:54:41,351] Trial 359 failed with parameters: {'d_safe': 15.038161173762484, 'k_bubble': 64.62761248204201, 'C_collision': 1567.6337047154109, 'k_pos': 0.014367525220223136, 'k_action': 0.0023572245793708592, 'w_safe': 0.31930549750414217, 'w_pos': 0.33396793515284334} because of the following error: The number of the values 1 did not match the number of the objectives 2.
[W 2025-07-11 07:54:41,351] Trial 359 failed with value inf.
[W 2025-07-11 07:54:46,859] Trial 364 failed with parameters: {'d_safe': 31.160674647483543, 'k_bubble': 62.83765067547152, 'C_collision': 538.3385647299951, 'k_pos': 0.06397210424366984, 'k_action': 0.001301222058721046, 'w_safe': 0.47806236053767515, 'w_pos': 0.1656201165093621} because of the following error: The number of the values 1 did not match the number of the objectives 2.
[W 2025-07-11 07:54:46,859] Trial 364 failed with value inf.
[W 2025-07-11 07:54:52,251] Trial 367 failed with parameters: {'d_safe': 10.479861267113952, 'k_bubble': 167.3768603960915, 'C_collision': 593.9565582351969, 'k_pos': 0.03164523205990927, 'k_action': 0.001950925521719484, 'w_safe': 0.4320716717088733, 'w_pos': 0.7492855078120753} because of the following error: The number of the values 1 did not match the number of the objectives 2.
[W 2025-07-11 07:54:52,251] Trial 367 failed with value inf.
slurmstepd-s_004_m: error: common_file_write_uints: write value '4086829' to '/sys/fs/cgroup/cgroup.procs' failed: Device or resource busy
slurmstepd-s_004_m: error: Unable to move pid 4086829 to init root cgroup /sys/fs/cgroup
