[I 2025-07-11 07:38:42,569] Using an existing study with name 'IntruderAvoidance-CNN-Parallel' instead of creating a new one.
[W 2025-07-11 07:38:48,392] Trial 54 failed with parameters: {'d_safe': 23.03394641585506, 'k_bubble': 84.72531306784028, 'C_collision': 1749.544723593617, 'k_pos': 0.0044305220801068605, 'k_action': 0.00657521852786586, 'w_safe': 0.8865413064352498, 'w_pos': 0.37055124483251733} because of the following error: The number of the values 1 did not match the number of the objectives 2.
[W 2025-07-11 07:38:48,393] Trial 54 failed with value inf.
[W 2025-07-11 07:38:54,286] Trial 59 failed with parameters: {'d_safe': 32.68494695243826, 'k_bubble': 121.10894504781834, 'C_collision': 1951.426748506341, 'k_pos': 0.026400740731894076, 'k_action': 0.013030146995677613, 'w_safe': 0.6452497833320193, 'w_pos': 0.4010725653041848} because of the following error: The number of the values 1 did not match the number of the objectives 2.
[W 2025-07-11 07:38:54,286] Trial 59 failed with value inf.
[W 2025-07-11 07:39:00,001] Trial 64 failed with parameters: {'d_safe': 25.7049859824333, 'k_bubble': 13.442433270192426, 'C_collision': 1968.9925055647773, 'k_pos': 0.004775144896122869, 'k_action': 0.038586359529441186, 'w_safe': 0.18430719118718422, 'w_pos': 0.5968401044555586} because of the following error: The number of the values 1 did not match the number of the objectives 2.
[W 2025-07-11 07:39:00,001] Trial 64 failed with value inf.
[W 2025-07-11 07:39:06,010] Trial 69 failed with parameters: {'d_safe': 15.303810888114548, 'k_bubble': 21.92717035256625, 'C_collision': 1030.2030052554446, 'k_pos': 0.05822516171498578, 'k_action': 0.003918821453170854, 'w_safe': 0.8318655852637619, 'w_pos': 0.41350422542973675} because of the following error: The number of the values 1 did not match the number of the objectives 2.
[W 2025-07-11 07:39:06,010] Trial 69 failed with value inf.
[W 2025-07-11 07:39:11,744] Trial 74 failed with parameters: {'d_safe': 28.634164080136948, 'k_bubble': 144.5212566940689, 'C_collision': 1238.5604536015633, 'k_pos': 0.004369437896332753, 'k_action': 0.002526741513550135, 'w_safe': 0.15207805381245454, 'w_pos': 0.6170815136625213} because of the following error: The number of the values 1 did not match the number of the objectives 2.
[W 2025-07-11 07:39:11,744] Trial 74 failed with value inf.
[W 2025-07-11 07:39:17,542] Trial 79 failed with parameters: {'d_safe': 25.01748036647922, 'k_bubble': 63.48307969682121, 'C_collision': 709.0655318565425, 'k_pos': 0.07587449491924643, 'k_action': 0.009370500563337906, 'w_safe': 0.6296836367669963, 'w_pos': 0.49848523101689046} because of the following error: The number of the values 1 did not match the number of the objectives 2.
[W 2025-07-11 07:39:17,542] Trial 79 failed with value inf.
[W 2025-07-11 07:39:23,419] Trial 84 failed with parameters: {'d_safe': 18.814290482429136, 'k_bubble': 33.73463608111955, 'C_collision': 1850.9633321150754, 'k_pos': 0.017059185354241384, 'k_action': 0.0021369923486116928, 'w_safe': 0.7520731926212229, 'w_pos': 0.21663625393749522} because of the following error: The number of the values 1 did not match the number of the objectives 2.
[W 2025-07-11 07:39:23,419] Trial 84 failed with value inf.
[W 2025-07-11 07:39:29,527] Trial 88 failed with parameters: {'d_safe': 11.589881329585909, 'k_bubble': 104.44438112155221, 'C_collision': 735.2207691518588, 'k_pos': 0.07912842124670398, 'k_action': 0.003991174072449999, 'w_safe': 0.6998201745602973, 'w_pos': 0.6469706201745195} because of the following error: The number of the values 1 did not match the number of the objectives 2.
[W 2025-07-11 07:39:29,527] Trial 88 failed with value inf.
[W 2025-07-11 07:39:35,361] Trial 94 failed with parameters: {'d_safe': 21.957649155584814, 'k_bubble': 26.61810276213571, 'C_collision': 1918.0495146077617, 'k_pos': 0.07435377804700079, 'k_action': 0.004363024891595852, 'w_safe': 0.7460644396680064, 'w_pos': 0.7423607907963672} because of the following error: The number of the values 1 did not match the number of the objectives 2.
[W 2025-07-11 07:39:35,362] Trial 94 failed with value inf.
[W 2025-07-11 07:39:40,923] Trial 99 failed with parameters: {'d_safe': 12.397994389093203, 'k_bubble': 70.67088592820602, 'C_collision': 1278.3393671421895, 'k_pos': 0.021676589049940853, 'k_action': 0.0032458067540371907, 'w_safe': 0.5191160503834354, 'w_pos': 0.3853668351099342} because of the following error: The number of the values 1 did not match the number of the objectives 2.
[W 2025-07-11 07:39:40,923] Trial 99 failed with value inf.
slurmstepd-s_004_m: error: common_file_write_uints: write value '4083484' to '/sys/fs/cgroup/cgroup.procs' failed: Device or resource busy
slurmstepd-s_004_m: error: Unable to move pid 4083484 to init root cgroup /sys/fs/cgroup
