[I 2025-07-11 07:37:33,364] A new study created in RDB with name: IntruderAvoidance-CNN-Parallel
[W 2025-07-11 07:37:48,184] Trial 0 failed with parameters: {'d_safe': 26.94999259813257, 'k_bubble': 190.6486460085354, 'C_collision': 565.799815541462, 'k_pos': 0.02947205812814552, 'k_action': 0.041909092981174116, 'w_safe': 0.18065437534422096, 'w_pos': 0.8240482775204869} because of the following error: The number of the values 1 did not match the number of the objectives 2.
[W 2025-07-11 07:37:48,184] Trial 0 failed with value inf.
[W 2025-07-11 07:37:54,053] Trial 6 failed with parameters: {'d_safe': 37.624540627727185, 'k_bubble': 29.26545713876467, 'C_collision': 1721.1571125451264, 'k_pos': 0.0552300098960186, 'k_action': 0.002848885579446068, 'w_safe': 0.31993422082233414, 'w_pos': 0.2877088287330968} because of the following error: The number of the values 1 did not match the number of the objectives 2.
[W 2025-07-11 07:37:54,053] Trial 6 failed with value inf.
[W 2025-07-11 07:37:59,988] Trial 11 failed with parameters: {'d_safe': 17.89117226059874, 'k_bubble': 150.71830099190635, 'C_collision': 1010.8614880505359, 'k_pos': 0.01885813240583935, 'k_action': 0.012414806362941554, 'w_safe': 0.5423827500534575, 'w_pos': 0.7653063988078743} because of the following error: The number of the values 1 did not match the number of the objectives 2.
[W 2025-07-11 07:37:59,988] Trial 11 failed with value inf.
[W 2025-07-11 07:38:05,425] Trial 16 failed with parameters: {'d_safe': 36.31823843684589, 'k_bubble': 157.37389196800387, 'C_collision': 1419.9970149166702, 'k_pos': 0.017565161905510447, 'k_action': 0.039605432996831384, 'w_safe': 0.3498529936608884, 'w_pos': 0.20276670996372853} because of the following error: The number of the values 1 did not match the number of the objectives 2.
[W 2025-07-11 07:38:05,425] Trial 16 failed with value inf.
[W 2025-07-11 07:38:10,976] Trial 21 failed with parameters: {'d_safe': 18.109706067455242, 'k_bubble': 191.9714904266166, 'C_collision': 1983.0545345431867, 'k_pos': 0.026917296752644284, 'k_action': 0.0031778940815088324, 'w_safe': 0.44533775916007645, 'w_pos': 0.5103434359713147} because of the following error: The number of the values 1 did not match the number of the objectives 2.
[W 2025-07-11 07:38:10,976] Trial 21 failed with value inf.
[W 2025-07-11 07:38:16,414] Trial 26 failed with parameters: {'d_safe': 36.76163260188912, 'k_bubble': 11.53994353119229, 'C_collision': 1885.6512111658412, 'k_pos': 0.0025510964826699917, 'k_action': 0.00790669718402668, 'w_safe': 0.8769061998036282, 'w_pos': 0.5999071483582109} because of the following error: The number of the values 1 did not match the number of the objectives 2.
[W 2025-07-11 07:38:16,414] Trial 26 failed with value inf.
[W 2025-07-11 07:38:21,893] Trial 31 failed with parameters: {'d_safe': 38.77579655464593, 'k_bubble': 194.23451868769862, 'C_collision': 726.7778011203152, 'k_pos': 0.019539156898274804, 'k_action': 0.011163806751122801, 'w_safe': 0.3665277581543026, 'w_pos': 0.3322587759149548} because of the following error: The number of the values 1 did not match the number of the objectives 2.
[W 2025-07-11 07:38:21,894] Trial 31 failed with value inf.
[W 2025-07-11 07:38:27,250] Trial 36 failed with parameters: {'d_safe': 23.420117820717564, 'k_bubble': 157.7439458243645, 'C_collision': 1899.644534738981, 'k_pos': 0.005699383400718278, 'k_action': 0.04878281884069979, 'w_safe': 0.14956486182161052, 'w_pos': 0.4780397622933713} because of the following error: The number of the values 1 did not match the number of the objectives 2.
[W 2025-07-11 07:38:27,250] Trial 36 failed with value inf.
[W 2025-07-11 07:38:32,639] Trial 41 failed with parameters: {'d_safe': 39.59899255557774, 'k_bubble': 67.5620522940419, 'C_collision': 1648.4782010482136, 'k_pos': 0.002815533707222368, 'k_action': 0.00949404959251509, 'w_safe': 0.10087685754624164, 'w_pos': 0.25465298739037256} because of the following error: The number of the values 1 did not match the number of the objectives 2.
[W 2025-07-11 07:38:32,639] Trial 41 failed with value inf.
[W 2025-07-11 07:38:38,083] Trial 46 failed with parameters: {'d_safe': 11.23636014440921, 'k_bubble': 94.73118202233269, 'C_collision': 573.8245311020962, 'k_pos': 0.020177151509004464, 'k_action': 0.013611898318304939, 'w_safe': 0.5789966275115683, 'w_pos': 0.5018007158081906} because of the following error: The number of the values 1 did not match the number of the objectives 2.
[W 2025-07-11 07:38:38,083] Trial 46 failed with value inf.
slurmstepd-s_004_m: error: common_file_write_uints: write value '4082671' to '/sys/fs/cgroup/cgroup.procs' failed: Device or resource busy
slurmstepd-s_004_m: error: Unable to move pid 4082671 to init root cgroup /sys/fs/cgroup
