[I 2025-07-11 07:39:41,918] Using an existing study with name 'IntruderAvoidance-CNN-Parallel' instead of creating a new one.
[W 2025-07-11 07:39:47,842] Trial 104 failed with parameters: {'d_safe': 10.597592829261957, 'k_bubble': 25.28271475262465, 'C_collision': 1148.3006062602308, 'k_pos': 0.07628493248888055, 'k_action': 0.07065711117359431, 'w_safe': 0.35133844841650885, 'w_pos': 0.6763081673105564} because of the following error: The number of the values 1 did not match the number of the objectives 2.
[W 2025-07-11 07:39:47,843] Trial 104 failed with value inf.
[W 2025-07-11 07:39:53,987] Trial 111 failed with parameters: {'d_safe': 21.067155758626022, 'k_bubble': 56.99904206706142, 'C_collision': 635.9628743310222, 'k_pos': 0.0051330633434181734, 'k_action': 0.06583400204553332, 'w_safe': 0.72325572041312, 'w_pos': 0.5812995989000292} because of the following error: The number of the values 1 did not match the number of the objectives 2.
[W 2025-07-11 07:39:53,987] Trial 111 failed with value inf.
[W 2025-07-11 07:39:59,699] Trial 116 failed with parameters: {'d_safe': 15.338953767364448, 'k_bubble': 83.82608676179957, 'C_collision': 920.1214335685013, 'k_pos': 0.04419745709737736, 'k_action': 0.001221918208666099, 'w_safe': 0.44559830908906484, 'w_pos': 0.775353727478388} because of the following error: The number of the values 1 did not match the number of the objectives 2.
[W 2025-07-11 07:39:59,699] Trial 116 failed with value inf.
[W 2025-07-11 07:40:05,293] Trial 121 failed with parameters: {'d_safe': 39.31055680260812, 'k_bubble': 143.16230553382385, 'C_collision': 911.9224580479904, 'k_pos': 0.003130921491666563, 'k_action': 0.04639089127706444, 'w_safe': 0.14509877278914632, 'w_pos': 0.8423491061127928} because of the following error: The number of the values 1 did not match the number of the objectives 2.
[W 2025-07-11 07:40:05,293] Trial 121 failed with value inf.
[W 2025-07-11 07:40:10,883] Trial 126 failed with parameters: {'d_safe': 28.838902198999456, 'k_bubble': 51.07044453550658, 'C_collision': 683.3004013194956, 'k_pos': 0.0012610515273968896, 'k_action': 0.0011569022339434174, 'w_safe': 0.6131840214821921, 'w_pos': 0.4412924965613704} because of the following error: The number of the values 1 did not match the number of the objectives 2.
[W 2025-07-11 07:40:10,883] Trial 126 failed with value inf.
[W 2025-07-11 07:40:16,586] Trial 131 failed with parameters: {'d_safe': 32.405919912999764, 'k_bubble': 45.560422518802156, 'C_collision': 972.4889541827818, 'k_pos': 0.0012056986544734674, 'k_action': 0.006296733908707166, 'w_safe': 0.5077253652908452, 'w_pos': 0.5238510548671897} because of the following error: The number of the values 1 did not match the number of the objectives 2.
[W 2025-07-11 07:40:16,587] Trial 131 failed with value inf.
[W 2025-07-11 07:40:22,228] Trial 136 failed with parameters: {'d_safe': 31.744968700356388, 'k_bubble': 121.85663082128146, 'C_collision': 1866.0627815854189, 'k_pos': 0.0016508676852957653, 'k_action': 0.003827914985659646, 'w_safe': 0.5433597868788488, 'w_pos': 0.1561992272570091} because of the following error: The number of the values 1 did not match the number of the objectives 2.
[W 2025-07-11 07:40:22,228] Trial 136 failed with value inf.
[W 2025-07-11 07:40:27,769] Trial 141 failed with parameters: {'d_safe': 37.317511985268354, 'k_bubble': 78.72112260590494, 'C_collision': 1960.9346175638016, 'k_pos': 0.019347106504407793, 'k_action': 0.051044738083488125, 'w_safe': 0.38021377138215273, 'w_pos': 0.16652015138608647} because of the following error: The number of the values 1 did not match the number of the objectives 2.
[W 2025-07-11 07:40:27,769] Trial 141 failed with value inf.
[W 2025-07-11 07:40:33,316] Trial 146 failed with parameters: {'d_safe': 28.045145705117548, 'k_bubble': 65.71336380747931, 'C_collision': 1469.9791837043695, 'k_pos': 0.05520688522879892, 'k_action': 0.026645670093434298, 'w_safe': 0.4406337410553992, 'w_pos': 0.6406333348688759} because of the following error: The number of the values 1 did not match the number of the objectives 2.
[W 2025-07-11 07:40:33,316] Trial 146 failed with value inf.
[W 2025-07-11 07:40:38,904] Trial 149 failed with parameters: {'d_safe': 12.679902600932287, 'k_bubble': 65.4944436278233, 'C_collision': 1841.942980785861, 'k_pos': 0.006203386492868051, 'k_action': 0.01667606103284647, 'w_safe': 0.8448060769646167, 'w_pos': 0.2478401759836297} because of the following error: The number of the values 1 did not match the number of the objectives 2.
[W 2025-07-11 07:40:38,904] Trial 149 failed with value inf.
slurmstepd-s_004_m: error: common_file_write_uints: write value '4084113' to '/sys/fs/cgroup/cgroup.procs' failed: Device or resource busy
slurmstepd-s_004_m: error: Unable to move pid 4084113 to init root cgroup /sys/fs/cgroup
