[I 2025-07-11 07:50:58,830] Using an existing study with name 'IntruderAvoidance-CNN-Parallel' instead of creating a new one.
[W 2025-07-11 07:51:07,109] Trial 170 failed with parameters: {'d_safe': 18.25468997845382, 'k_bubble': 128.79560688168442, 'C_collision': 1672.1448548918734, 'k_pos': 0.01676389663170703, 'k_action': 0.008745370086021314, 'w_safe': 0.6838094329967015, 'w_pos': 0.1960605912949924} because of the following error: The number of the values 1 did not match the number of the objectives 2.
[W 2025-07-11 07:51:07,109] Trial 170 failed with value inf.
[W 2025-07-11 07:51:12,632] Trial 175 failed with parameters: {'d_safe': 11.25049860138706, 'k_bubble': 160.79677241798296, 'C_collision': 1489.4096902153474, 'k_pos': 0.0024680472335434586, 'k_action': 0.04358553234995244, 'w_safe': 0.4987048633683091, 'w_pos': 0.14390743177399534} because of the following error: The number of the values 1 did not match the number of the objectives 2.
[W 2025-07-11 07:51:12,632] Trial 175 failed with value inf.
[W 2025-07-11 07:51:18,094] Trial 180 failed with parameters: {'d_safe': 33.338223827898425, 'k_bubble': 101.33684274881503, 'C_collision': 1504.0013422018578, 'k_pos': 0.0358263340704788, 'k_action': 0.009791336889191921, 'w_safe': 0.7425350558335124, 'w_pos': 0.6593534430153951} because of the following error: The number of the values 1 did not match the number of the objectives 2.
[W 2025-07-11 07:51:18,095] Trial 180 failed with value inf.
[W 2025-07-11 07:51:23,493] Trial 185 failed with parameters: {'d_safe': 16.385113070664953, 'k_bubble': 189.01484262916938, 'C_collision': 1775.8467423642037, 'k_pos': 0.02987716230534599, 'k_action': 0.024332672240627736, 'w_safe': 0.5178357264518473, 'w_pos': 0.7835001877471974} because of the following error: The number of the values 1 did not match the number of the objectives 2.
[W 2025-07-11 07:51:23,493] Trial 185 failed with value inf.
[W 2025-07-11 07:51:28,861] Trial 190 failed with parameters: {'d_safe': 15.936166481230547, 'k_bubble': 15.870807493927028, 'C_collision': 698.0406653501014, 'k_pos': 0.002688251088867604, 'k_action': 0.08133881114700448, 'w_safe': 0.45768428955276974, 'w_pos': 0.2917049447045519} because of the following error: The number of the values 1 did not match the number of the objectives 2.
[W 2025-07-11 07:51:28,862] Trial 190 failed with value inf.
[W 2025-07-11 07:51:34,257] Trial 195 failed with parameters: {'d_safe': 29.347793499247604, 'k_bubble': 122.51230361191328, 'C_collision': 1922.5334397702927, 'k_pos': 0.002025420109891096, 'k_action': 0.008470770534530405, 'w_safe': 0.6043223753125351, 'w_pos': 0.44106754426668937} because of the following error: The number of the values 1 did not match the number of the objectives 2.
[W 2025-07-11 07:51:34,257] Trial 195 failed with value inf.
[W 2025-07-11 07:51:39,668] Trial 200 failed with parameters: {'d_safe': 18.824964513220845, 'k_bubble': 163.7894107532228, 'C_collision': 1268.3058428307647, 'k_pos': 0.021586943243303038, 'k_action': 0.0019341167450041112, 'w_safe': 0.5011128429449675, 'w_pos': 0.3467532182585923} because of the following error: The number of the values 1 did not match the number of the objectives 2.
[W 2025-07-11 07:51:39,668] Trial 200 failed with value inf.
[W 2025-07-11 07:51:45,097] Trial 205 failed with parameters: {'d_safe': 15.284793509409388, 'k_bubble': 41.91750634771321, 'C_collision': 1352.7916984398103, 'k_pos': 0.01401231644515002, 'k_action': 0.008505938389970756, 'w_safe': 0.8013181511749157, 'w_pos': 0.22587255850966567} because of the following error: The number of the values 1 did not match the number of the objectives 2.
[W 2025-07-11 07:51:45,097] Trial 205 failed with value inf.
[W 2025-07-11 07:51:50,481] Trial 210 failed with parameters: {'d_safe': 19.309584479495143, 'k_bubble': 40.86020972742886, 'C_collision': 895.54729268951, 'k_pos': 0.007464395175321768, 'k_action': 0.08065404895461045, 'w_safe': 0.1082555315872992, 'w_pos': 0.4266056771438226} because of the following error: The number of the values 1 did not match the number of the objectives 2.
[W 2025-07-11 07:51:50,482] Trial 210 failed with value inf.
[W 2025-07-11 07:51:55,768] Trial 215 failed with parameters: {'d_safe': 29.541360857719706, 'k_bubble': 80.8330991754876, 'C_collision': 1352.3849924216788, 'k_pos': 0.011702206032578407, 'k_action': 0.028552266566955822, 'w_safe': 0.8451331098831594, 'w_pos': 0.777911742553699} because of the following error: The number of the values 1 did not match the number of the objectives 2.
[W 2025-07-11 07:51:55,768] Trial 215 failed with value inf.
slurmstepd-s_004_m: error: common_file_write_uints: write value '4084986' to '/sys/fs/cgroup/cgroup.procs' failed: Device or resource busy
slurmstepd-s_004_m: error: Unable to move pid 4084986 to init root cgroup /sys/fs/cgroup
