[I 2025-07-11 07:51:59,176] Using an existing study with name 'IntruderAvoidance-CNN-Parallel' instead of creating a new one.
[W 2025-07-11 07:52:05,247] Trial 221 failed with parameters: {'d_safe': 26.091427869873606, 'k_bubble': 56.16762339076085, 'C_collision': 1818.74474547819, 'k_pos': 0.0031217116818885193, 'k_action': 0.0020780412622241526, 'w_safe': 0.1540301938853353, 'w_pos': 0.2059771121063812} because of the following error: The number of the values 1 did not match the number of the objectives 2.
[W 2025-07-11 07:52:05,247] Trial 221 failed with value inf.
[W 2025-07-11 07:52:11,209] Trial 227 failed with parameters: {'d_safe': 24.058128710431525, 'k_bubble': 22.223240396612752, 'C_collision': 1898.1874918177723, 'k_pos': 0.014527051092409215, 'k_action': 0.0020494854981849882, 'w_safe': 0.2675734110118453, 'w_pos': 0.8847636344442678} because of the following error: The number of the values 1 did not match the number of the objectives 2.
[W 2025-07-11 07:52:11,209] Trial 227 failed with value inf.
[W 2025-07-11 07:52:17,190] Trial 233 failed with parameters: {'d_safe': 28.399352315136372, 'k_bubble': 81.77784067128528, 'C_collision': 1193.4950277535445, 'k_pos': 0.01190272989984223, 'k_action': 0.0027317803975330044, 'w_safe': 0.44923505317948376, 'w_pos': 0.5619024618753428} because of the following error: The number of the values 1 did not match the number of the objectives 2.
[W 2025-07-11 07:52:17,190] Trial 233 failed with value inf.
[W 2025-07-11 07:52:23,230] Trial 238 failed with parameters: {'d_safe': 20.95440409734091, 'k_bubble': 50.80358614149117, 'C_collision': 1393.2845971400009, 'k_pos': 0.01771244451622705, 'k_action': 0.021491065512623034, 'w_safe': 0.8518642139784565, 'w_pos': 0.5333131521403589} because of the following error: The number of the values 1 did not match the number of the objectives 2.
[W 2025-07-11 07:52:23,230] Trial 238 failed with value inf.
[W 2025-07-11 07:52:29,182] Trial 243 failed with parameters: {'d_safe': 34.263679656500784, 'k_bubble': 71.30332834135488, 'C_collision': 780.9005668656052, 'k_pos': 0.0016189879556931636, 'k_action': 0.004004167184297461, 'w_safe': 0.1276721061870414, 'w_pos': 0.6514807135896222} because of the following error: The number of the values 1 did not match the number of the objectives 2.
[W 2025-07-11 07:52:29,183] Trial 243 failed with value inf.
[W 2025-07-11 07:52:34,936] Trial 248 failed with parameters: {'d_safe': 39.09221132504279, 'k_bubble': 39.96704057525426, 'C_collision': 1906.8383010661498, 'k_pos': 0.018717766118893895, 'k_action': 0.05843494498174657, 'w_safe': 0.15294598921696761, 'w_pos': 0.6996311736967195} because of the following error: The number of the values 1 did not match the number of the objectives 2.
[W 2025-07-11 07:52:34,936] Trial 248 failed with value inf.
[W 2025-07-11 07:52:40,728] Trial 253 failed with parameters: {'d_safe': 19.700182040395617, 'k_bubble': 194.81886918474683, 'C_collision': 1091.2727050730418, 'k_pos': 0.0359561848636809, 'k_action': 0.0012353142846586247, 'w_safe': 0.23025658458984807, 'w_pos': 0.7672635152282163} because of the following error: The number of the values 1 did not match the number of the objectives 2.
[W 2025-07-11 07:52:40,728] Trial 253 failed with value inf.
[W 2025-07-11 07:52:46,261] Trial 258 failed with parameters: {'d_safe': 36.67830464510945, 'k_bubble': 158.7224051973144, 'C_collision': 854.9592249914115, 'k_pos': 0.09668207196176366, 'k_action': 0.07112899156389849, 'w_safe': 0.5796583098684682, 'w_pos': 0.6988964225372667} because of the following error: The number of the values 1 did not match the number of the objectives 2.
[W 2025-07-11 07:52:46,261] Trial 258 failed with value inf.
[W 2025-07-11 07:52:51,864] Trial 263 failed with parameters: {'d_safe': 28.685116952960637, 'k_bubble': 35.699733286901875, 'C_collision': 1695.8681028751496, 'k_pos': 0.005560787159154424, 'k_action': 0.01499791016223735, 'w_safe': 0.18544984558985667, 'w_pos': 0.8649404430404174} because of the following error: The number of the values 1 did not match the number of the objectives 2.
[W 2025-07-11 07:52:51,864] Trial 263 failed with value inf.
[W 2025-07-11 07:52:57,380] Trial 268 failed with parameters: {'d_safe': 36.73003335728679, 'k_bubble': 33.439279823806615, 'C_collision': 1364.9699344284513, 'k_pos': 0.06409668524653575, 'k_action': 0.004969376371867204, 'w_safe': 0.22175378531918524, 'w_pos': 0.17475940220706523} because of the following error: The number of the values 1 did not match the number of the objectives 2.
[W 2025-07-11 07:52:57,380] Trial 268 failed with value inf.
slurmstepd-s_004_m: error: common_file_write_uints: write value '4085543' to '/sys/fs/cgroup/cgroup.procs' failed: Device or resource busy
slurmstepd-s_004_m: error: Unable to move pid 4085543 to init root cgroup /sys/fs/cgroup
