[I 2025-07-11 07:53:51,159] Using an existing study with name 'IntruderAvoidance-CNN-Parallel' instead of creating a new one.
[W 2025-07-11 07:53:56,633] Trial 321 failed with parameters: {'d_safe': 32.594142038222614, 'k_bubble': 59.85663737454737, 'C_collision': 875.4759039077646, 'k_pos': 0.0014911568270185114, 'k_action': 0.05000660986967402, 'w_safe': 0.12256214849484595, 'w_pos': 0.7792344178488947} because of the following error: The number of the values 1 did not match the number of the objectives 2.
[W 2025-07-11 07:53:56,633] Trial 321 failed with value inf.
[W 2025-07-11 07:54:02,066] Trial 324 failed with parameters: {'d_safe': 27.16728633178096, 'k_bubble': 54.23329221004574, 'C_collision': 1890.3281453503998, 'k_pos': 0.02957002209751348, 'k_action': 0.09250133254392319, 'w_safe': 0.6143880451221664, 'w_pos': 0.8924518135924439} because of the following error: The number of the values 1 did not match the number of the objectives 2.
[W 2025-07-11 07:54:02,066] Trial 324 failed with value inf.
[W 2025-07-11 07:54:07,756] Trial 329 failed with parameters: {'d_safe': 23.836276582469676, 'k_bubble': 158.7787905997845, 'C_collision': 1477.2000155219007, 'k_pos': 0.0015301506179431074, 'k_action': 0.02768140286263903, 'w_safe': 0.8043993644546549, 'w_pos': 0.3132959681472956} because of the following error: The number of the values 1 did not match the number of the objectives 2.
[W 2025-07-11 07:54:07,756] Trial 329 failed with value inf.
[W 2025-07-11 07:54:13,198] Trial 333 failed with parameters: {'d_safe': 12.572842775227173, 'k_bubble': 107.62106519753283, 'C_collision': 1564.183149100401, 'k_pos': 0.0033557342101752886, 'k_action': 0.0032165128165721987, 'w_safe': 0.733691237429193, 'w_pos': 0.48958864055467854} because of the following error: The number of the values 1 did not match the number of the objectives 2.
[W 2025-07-11 07:54:13,198] Trial 333 failed with value inf.
[W 2025-07-11 07:54:18,673] Trial 338 failed with parameters: {'d_safe': 31.772635446935322, 'k_bubble': 190.01360309234485, 'C_collision': 1782.2268206480078, 'k_pos': 0.005147551107158581, 'k_action': 0.0013620231705499747, 'w_safe': 0.6369486169251893, 'w_pos': 0.6334214013074655} because of the following error: The number of the values 1 did not match the number of the objectives 2.
[W 2025-07-11 07:54:18,673] Trial 338 failed with value inf.
[W 2025-07-11 07:54:24,066] Trial 343 failed with parameters: {'d_safe': 26.464552368188954, 'k_bubble': 199.9430303916186, 'C_collision': 1916.8828238319545, 'k_pos': 0.0016130424386193401, 'k_action': 0.01753563060626695, 'w_safe': 0.8458013620237282, 'w_pos': 0.7393447053970504} because of the following error: The number of the values 1 did not match the number of the objectives 2.
[W 2025-07-11 07:54:24,066] Trial 343 failed with value inf.
[W 2025-07-11 07:54:29,393] Trial 348 failed with parameters: {'d_safe': 37.021396247277266, 'k_bubble': 153.68366074503547, 'C_collision': 1570.5380970293222, 'k_pos': 0.0030743362124283752, 'k_action': 0.02316428726942403, 'w_safe': 0.7912776843797307, 'w_pos': 0.365405200323773} because of the following error: The number of the values 1 did not match the number of the objectives 2.
[W 2025-07-11 07:54:29,393] Trial 348 failed with value inf.
[W 2025-07-11 07:54:34,807] Trial 353 failed with parameters: {'d_safe': 15.359492420352217, 'k_bubble': 197.9680793877729, 'C_collision': 1911.2212245382855, 'k_pos': 0.06640129247567186, 'k_action': 0.030163188175125373, 'w_safe': 0.7130049436465904, 'w_pos': 0.8030376232958772} because of the following error: The number of the values 1 did not match the number of the objectives 2.
[W 2025-07-11 07:54:34,807] Trial 353 failed with value inf.
[W 2025-07-11 07:54:40,114] Trial 358 failed with parameters: {'d_safe': 36.109619051624286, 'k_bubble': 20.78544607284227, 'C_collision': 1410.445995428354, 'k_pos': 0.0031138637693821675, 'k_action': 0.0037401184828781938, 'w_safe': 0.5594140499955004, 'w_pos': 0.350449092542632} because of the following error: The number of the values 1 did not match the number of the objectives 2.
[W 2025-07-11 07:54:40,114] Trial 358 failed with value inf.
[W 2025-07-11 07:54:45,341] Trial 363 failed with parameters: {'d_safe': 12.640821367748758, 'k_bubble': 52.53963855199668, 'C_collision': 1558.4050509331078, 'k_pos': 0.020199859999308106, 'k_action': 0.0054130975672097344, 'w_safe': 0.6375355228346531, 'w_pos': 0.45455646543046624} because of the following error: The number of the values 1 did not match the number of the objectives 2.
[W 2025-07-11 07:54:45,341] Trial 363 failed with value inf.
slurmstepd-s_004_m: error: common_file_write_uints: write value '4086751' to '/sys/fs/cgroup/cgroup.procs' failed: Device or resource busy
slurmstepd-s_004_m: error: Unable to move pid 4086751 to init root cgroup /sys/fs/cgroup
